20:17:15 | rss_kb=11899632 | Index:   building|Memory:  11.3 GB (peak 11.4 GB)|busy:        warm-build (running 0h 2m 34s)
20:17:30 | rss_kb=11899680 | Index:   building|Memory:  11.3 GB (peak 11.4 GB)|busy:        warm-build (running 0h 2m 49s)
20:17:45 | rss_kb=11899680 | Index:   building|Memory:  11.3 GB (peak 11.4 GB)|busy:        warm-build (running 0h 3m 5s)
20:18:00 | rss_kb=11899696 | Index:   building|Memory:  11.3 GB (peak 11.4 GB)|busy:        warm-build (running 0h 3m 20s)
20:18:16 | rss_kb=3569280 | Index:   building|Memory:  3.4 GB (peak 11.4 GB)|busy:        warm-build (running 0h 3m 35s)
20:18:31 | rss_kb=3707008 | Index:   building|Memory:  3.5 GB (peak 11.4 GB)|busy:        warm-build (running 0h 3m 50s)
20:18:46 | rss_kb=1236912 | Index:   warm (28,200 vectors)|Memory:  1.2 GB (peak 11.4 GB)
20:19:01 | rss_kb=1236848 | Index:   warm (28,200 vectors)|Memory:  1.2 GB (peak 11.4 GB)
20:19:16 | rss_kb=1236848 | Index:   warm (28,200 vectors)|Memory:  1.2 GB (peak 11.4 GB)
20:19:31 | rss_kb=1236848 | Index:   warm (28,200 vectors)|Memory:  1.2 GB (peak 11.4 GB)
20:19:46 | rss_kb=1464688 | Index:   warm (28,200 vectors)|Memory:  1.4 GB (peak 11.4 GB)
20:20:01 | rss_kb=1464624 | Index:   warm (28,200 vectors)|Memory:  1.4 GB (peak 11.4 GB)
20:20:16 | rss_kb=1464608 | Index:   warm (28,200 vectors)|Memory:  1.4 GB (peak 11.4 GB)
20:20:31 | rss_kb=1464608 | Index:   warm (28,200 vectors)|Memory:  1.4 GB (peak 11.4 GB)
20:20:46 | rss_kb=1464608 | Index:   warm (28,200 vectors)|Memory:  1.4 GB (peak 11.4 GB)
20:21:01 | rss_kb=1464608 | Index:   warm (28,200 vectors)|Memory:  1.4 GB (peak 11.4 GB)
20:21:16 | rss_kb=1464608 | Index:   warm (28,200 vectors)|Memory:  1.4 GB (peak 11.4 GB)
20:21:31 | rss_kb=1464608 | Index:   warm (28,200 vectors)|Memory:  1.4 GB (peak 11.4 GB)
20:21:46 | rss_kb=1464608 | Index:   warm (28,200 vectors)|Memory:  1.4 GB (peak 11.4 GB)
20:22:01 | rss_kb=1464608 | Index:   warm (28,200 vectors)|Memory:  1.4 GB (peak 11.4 GB)
20:22:16 | rss_kb=1464608 | Index:   warm (28,200 vectors)|Memory:  1.4 GB (peak 11.4 GB)
20:22:32 | rss_kb=1464608 | Index:   warm (28,200 vectors)|Memory:  1.4 GB (peak 11.4 GB)
20:22:47 | rss_kb=1464608 | Index:   warm (28,200 vectors)|Memory:  1.4 GB (peak 11.4 GB)
20:23:02 | rss_kb=1464608 | Index:   warm (28,200 vectors)|Memory:  1.4 GB (peak 11.4 GB)
20:23:17 | rss_kb=1464608 | Index:   warm (28,200 vectors)|Memory:  1.4 GB (peak 11.4 GB)
20:23:32 | rss_kb=1464608 | Index:   warm (28,200 vectors)|Memory:  1.4 GB (peak 11.4 GB)
20:23:47 | rss_kb=1464608 | Index:   warm (28,200 vectors)|Memory:  1.4 GB (peak 11.4 GB)
20:24:02 | rss_kb=1464608 | Index:   warm (28,200 vectors)|Memory:  1.4 GB (peak 11.4 GB)
20:24:17 | rss_kb=1464608 | Index:   warm (28,200 vectors)|Memory:  1.4 GB (peak 11.4 GB)
20:24:32 | rss_kb=1464608 | Index:   warm (28,200 vectors)|Memory:  1.4 GB (peak 11.4 GB)
20:24:47 | rss_kb=1464608 | Index:   warm (28,200 vectors)|Memory:  1.4 GB (peak 11.4 GB)
20:25:02 | rss_kb=1464608 | Index:   warm (28,200 vectors)|Memory:  1.4 GB (peak 11.4 GB)
20:25:17 | rss_kb=1464608 | Index:   warm (28,200 vectors)|Memory:  1.4 GB (peak 11.4 GB)
20:25:32 | rss_kb=1464608 | Index:   warm (28,200 vectors)|Memory:  1.4 GB (peak 11.4 GB)
20:25:47 | rss_kb=1464608 | Index:   warm (28,200 vectors)|Memory:  1.4 GB (peak 11.4 GB)
20:26:02 | rss_kb=1464608 | Index:   warm (28,200 vectors)|Memory:  1.4 GB (peak 11.4 GB)
20:26:17 | rss_kb=1464608 | Index:   warm (28,200 vectors)|Memory:  1.4 GB (peak 11.4 GB)
20:26:32 | rss_kb=1464608 | Index:   warm (28,200 vectors)|Memory:  1.4 GB (peak 11.4 GB)
20:26:47 | rss_kb=1464608 | Index:   warm (28,200 vectors)|Memory:  1.4 GB (peak 11.4 GB)
20:27:02 | rss_kb=1464608 | Index:   warm (28,200 vectors)|Memory:  1.4 GB (peak 11.4 GB)
20:27:17 | rss_kb=1464608 | Index:   warm (28,200 vectors)|Memory:  1.4 GB (peak 11.4 GB)
20:27:32 | rss_kb=1464608 | Index:   warm (28,200 vectors)|Memory:  1.4 GB (peak 11.4 GB)
20:27:48 | rss_kb=1464608 | Index:   warm (28,200 vectors)|Memory:  1.4 GB (peak 11.4 GB)
20:28:03 | rss_kb=1464608 | Index:   warm (28,200 vectors)|Memory:  1.4 GB (peak 11.4 GB)
20:28:18 | rss_kb=1464608 | Index:   warm (28,200 vectors)|Memory:  1.4 GB (peak 11.4 GB)
20:28:33 | rss_kb=1464608 | Index:   warm (28,200 vectors)|Memory:  1.4 GB (peak 11.4 GB)
20:28:48 | rss_kb=1464608 | Index:   warm (28,200 vectors)|Memory:  1.4 GB (peak 11.4 GB)
20:29:03 | rss_kb=1464608 | Index:   warm (28,200 vectors)|Memory:  1.4 GB (peak 11.4 GB)
20:29:18 | rss_kb=1464608 | Index:   warm (28,200 vectors)|Memory:  1.4 GB (peak 11.4 GB)
20:29:33 | rss_kb=1464608 | Index:   warm (28,200 vectors)|Memory:  1.4 GB (peak 11.4 GB)
20:29:48 | rss_kb=1464608 | Index:   warm (28,200 vectors)|Memory:  1.4 GB (peak 11.4 GB)
20:30:03 | rss_kb=1464608 | Index:   warm (28,200 vectors)|Memory:  1.4 GB (peak 11.4 GB)
20:30:18 | rss_kb=1464608 | Index:   warm (28,200 vectors)|Memory:  1.4 GB (peak 11.4 GB)
20:30:33 | rss_kb=1464608 | Index:   warm (28,200 vectors)|Memory:  1.4 GB (peak 11.4 GB)
20:30:48 | rss_kb=1464608 | Index:   warm (28,200 vectors)|Memory:  1.4 GB (peak 11.4 GB)
20:31:03 | rss_kb=1464608 | Index:   warm (28,200 vectors)|Memory:  1.4 GB (peak 11.4 GB)
20:31:18 | rss_kb=1464608 | Index:   warm (28,200 vectors)|Memory:  1.4 GB (peak 11.4 GB)
20:31:33 | rss_kb=1464608 | Index:   warm (28,200 vectors)|Memory:  1.4 GB (peak 11.4 GB)
20:31:48 | rss_kb=1464608 | Index:   warm (28,200 vectors)|Memory:  1.4 GB (peak 11.4 GB)
20:32:03 | rss_kb=1464608 | Index:   warm (28,200 vectors)|Memory:  1.4 GB (peak 11.4 GB)
20:32:18 | rss_kb=1464608 | Index:   warm (28,200 vectors)|Memory:  1.4 GB (peak 11.4 GB)
20:32:33 | rss_kb=1464608 | Index:   warm (28,200 vectors)|Memory:  1.4 GB (peak 11.4 GB)
20:32:48 | rss_kb=1464608 | Index:   warm (28,200 vectors)|Memory:  1.4 GB (peak 11.4 GB)
20:33:03 | rss_kb=1464608 | Index:   warm (28,200 vectors)|Memory:  1.4 GB (peak 11.4 GB)
20:33:18 | rss_kb=1464608 | Index:   warm (28,200 vectors)|Memory:  1.4 GB (peak 11.4 GB)
20:33:33 | rss_kb=1464608 | Index:   warm (28,200 vectors)|Memory:  1.4 GB (peak 11.4 GB)
20:33:48 | rss_kb=1464688 | Index:   warm (28,200 vectors)|Memory:  1.4 GB (peak 11.4 GB)
20:34:04 | rss_kb=1464608 | Index:   warm (28,200 vectors)|Memory:  1.4 GB (peak 11.4 GB)
20:34:19 | rss_kb=1464608 | Index:   warm (28,200 vectors)|Memory:  1.4 GB (peak 11.4 GB)
20:34:34 | rss_kb=1464608 | Index:   warm (28,200 vectors)|Memory:  1.4 GB (peak 11.4 GB)
20:34:49 | rss_kb=1464608 | Index:   warm (28,200 vectors)|Memory:  1.4 GB (peak 11.4 GB)
20:35:04 | rss_kb= | Index:   cold (run 'tldr warm')|Memory:  301.8 MB (peak 301.8 MB)
20:35:25 | rss_kb= | Index:   building|Memory:  12.1 GB (peak 12.1 GB)|busy:        warm-build (running 0h 0m 15s)
20:35:40 | rss_kb= | Index:   building|Memory:  12.1 GB (peak 12.1 GB)|busy:        warm-build (running 0h 0m 30s)
20:35:56 | rss_kb= | Index:   building|Memory:  12.1 GB (peak 12.1 GB)|busy:        warm-build (running 0h 0m 45s)
20:36:11 | rss_kb= | Index:   building|Memory:  12.1 GB (peak 12.1 GB)|busy:        warm-build (running 0h 1m 0s)
20:36:26 | rss_kb= | Index:   building|Memory:  12.1 GB (peak 12.1 GB)|busy:        warm-build (running 0h 1m 15s)
20:36:41 | rss_kb= | Index:   building|Memory:  12.1 GB (peak 12.1 GB)|busy:        warm-build (running 0h 1m 30s)
20:36:56 | rss_kb= | Index:   building|Memory:  12.1 GB (peak 12.1 GB)|busy:        warm-build (running 0h 1m 46s)
20:37:12 | rss_kb= | Index:   building|Memory:  12.1 GB (peak 12.1 GB)|busy:        warm-build (running 0h 2m 1s)
20:37:27 | rss_kb= | Index:   building|Memory:  13.5 GB (peak 16.0 GB)|busy:        warm-build (running 0h 2m 16s)
20:37:42 | rss_kb= | Index:   building|Memory:  13.6 GB (peak 16.0 GB)|busy:        warm-build (running 0h 2m 31s)
20:37:57 | rss_kb= | Index:   building|Memory:  13.8 GB (peak 16.0 GB)|busy:        warm-build (running 0h 2m 46s)
20:38:12 | rss_kb= | Index:   building|Memory:  13.9 GB (peak 16.0 GB)|busy:        warm-build (running 0h 3m 2s)
20:38:28 | rss_kb= | Index:   building|Memory:  14.0 GB (peak 16.0 GB)|busy:        warm-build (running 0h 3m 17s)
20:38:43 | rss_kb= | Index:   building|Memory:  14.2 GB (peak 16.0 GB)|busy:        warm-build (running 0h 3m 32s)
20:38:58 | rss_kb= | Index:   building|Memory:  14.5 GB (peak 16.0 GB)|busy:        warm-build (running 0h 3m 47s)|busy:        delta (running 0h 0m 3s)
20:39:13 | rss_kb= | Index:   building|Memory:  14.6 GB (peak 16.0 GB)|busy:        warm-build (running 0h 4m 2s)|busy:        delta (running 0h 0m 18s)
20:39:28 | rss_kb= | Index:   building|Memory:  15.3 GB (peak 16.0 GB)|busy:        warm-build (running 0h 4m 18s)|busy:        delta (running 0h 0m 33s)
20:39:43 | rss_kb= | Index:   building|Memory:  15.3 GB (peak 16.0 GB)|busy:        warm-build (running 0h 4m 33s)|busy:        delta (running 0h 0m 49s)
20:39:59 | rss_kb= | Index:   building|Memory:  15.3 GB (peak 16.0 GB)|busy:        warm-build (running 0h 4m 48s)|busy:        delta (running 0h 1m 4s)
20:40:14 | rss_kb= | Index:   building|Memory:  15.3 GB (peak 16.0 GB)|busy:        warm-build (running 0h 5m 3s)|busy:        delta (running 0h 1m 19s)
20:40:29 | rss_kb= | Index:   building|Memory:  15.3 GB (peak 16.0 GB)|busy:        warm-build (running 0h 5m 18s)|busy:        delta (running 0h 1m 34s)
20:40:44 | rss_kb= | Index:   building|Memory:  15.3 GB (peak 16.0 GB)|busy:        warm-build (running 0h 5m 34s)|busy:        delta (running 0h 1m 49s)
20:40:59 | rss_kb= | Index:   building|Memory:  15.3 GB (peak 16.0 GB)|busy:        warm-build (running 0h 5m 49s)|busy:        delta (running 0h 2m 5s)
20:41:15 | rss_kb= | Index:   building|Memory:  15.3 GB (peak 16.0 GB)|busy:        warm-build (running 0h 6m 4s)|busy:        delta (running 0h 2m 20s)
20:41:30 | rss_kb= | Index:   building|Memory:  15.8 GB (peak 16.0 GB)|busy:        warm-build (running 0h 6m 19s)|busy:        delta (running 0h 2m 35s)
20:41:45 | rss_kb= | Index:   building|Memory:  15.8 GB (peak 16.0 GB)|busy:        warm-build (running 0h 6m 34s)|busy:        delta (running 0h 2m 50s)
20:42:00 | rss_kb= | Index:   building|Memory:  15.8 GB (peak 16.0 GB)|busy:        warm-build (running 0h 6m 50s)|busy:        delta (running 0h 3m 5s)
20:42:16 | rss_kb= | Index:   building|Memory:  15.8 GB (peak 16.0 GB)|busy:        warm-build (running 0h 7m 5s)|busy:        delta (running 0h 3m 21s)
20:42:31 | rss_kb= | Index:   building|Memory:  15.8 GB (peak 16.0 GB)|busy:        warm-build (running 0h 7m 20s)|busy:        delta (running 0h 3m 36s)
20:42:46 | rss_kb= | Index:   building|Memory:  15.8 GB (peak 16.0 GB)|busy:        warm-build (running 0h 7m 35s)|busy:        delta (running 0h 3m 51s)
20:43:01 | rss_kb= | Index:   building|Memory:  15.8 GB (peak 16.0 GB)|busy:        warm-build (running 0h 7m 50s)|busy:        delta (running 0h 4m 6s)
20:43:16 | rss_kb= | Index:   building|Memory:  15.8 GB (peak 16.0 GB)|busy:        warm-build (running 0h 8m 5s)|busy:        delta (running 0h 4m 21s)
20:43:31 | rss_kb= | Index:   building|Memory:  16.3 GB (peak 16.3 GB)|busy:        warm-build (running 0h 8m 21s)|busy:        delta (running 0h 4m 36s)
20:43:46 | rss_kb= | Index:   building|Memory:  16.3 GB (peak 16.3 GB)|busy:        warm-build (running 0h 8m 36s)|busy:        delta (running 0h 4m 52s)
20:44:02 | rss_kb= | Index:   building|Memory:  16.3 GB (peak 16.3 GB)|busy:        warm-build (running 0h 8m 51s)|busy:        delta (running 0h 5m 7s)
20:44:17 | rss_kb= | Index:   building|Memory:  16.3 GB (peak 16.3 GB)|busy:        warm-build (running 0h 9m 6s)|busy:        delta (running 0h 5m 22s)
20:44:32 | rss_kb= | Index:   building|Memory:  16.3 GB (peak 16.3 GB)|busy:        warm-build (running 0h 9m 21s)|busy:        delta (running 0h 5m 37s)
20:44:47 | rss_kb= | Index:   building|Memory:  16.3 GB (peak 16.3 GB)|busy:        warm-build (running 0h 9m 36s)|busy:        delta (running 0h 5m 52s)
20:45:02 | rss_kb= | Index:   building|Memory:  16.3 GB (peak 16.3 GB)|busy:        warm-build (running 0h 9m 52s)|busy:        delta (running 0h 6m 7s)
20:45:17 | rss_kb= | Index:   building|Memory:  16.3 GB (peak 16.3 GB)|busy:        warm-build (running 0h 10m 7s)|busy:        delta (running 0h 6m 23s)
20:45:33 | rss_kb= | Index:   building|Memory:  16.3 GB (peak 16.3 GB)|busy:        warm-build (running 0h 10m 22s)|busy:        delta (running 0h 6m 38s)
20:45:48 | rss_kb= | Index:   building|Memory:  16.8 GB (peak 16.8 GB)|busy:        warm-build (running 0h 10m 37s)|busy:        delta (running 0h 6m 53s)
20:46:03 | rss_kb= | Index:   building|Memory:  16.8 GB (peak 16.8 GB)|busy:        warm-build (running 0h 10m 52s)|busy:        delta (running 0h 7m 8s)
20:46:18 | rss_kb= | Index:   building|Memory:  16.8 GB (peak 16.8 GB)|busy:        warm-build (running 0h 11m 7s)|busy:        delta (running 0h 7m 23s)
20:46:33 | rss_kb= | Index:   building|Memory:  16.8 GB (peak 16.8 GB)|busy:        warm-build (running 0h 11m 23s)|busy:        delta (running 0h 7m 38s)
20:46:48 | rss_kb= | Index:   building|Memory:  16.8 GB (peak 16.8 GB)|busy:        warm-build (running 0h 11m 38s)|busy:        delta (running 0h 7m 53s)
20:47:04 | rss_kb= | Index:   building|Memory:  16.8 GB (peak 16.8 GB)|busy:        warm-build (running 0h 11m 53s)|busy:        delta (running 0h 8m 9s)
20:47:19 | rss_kb= | Index:   building|Memory:  16.8 GB (peak 16.8 GB)|busy:        warm-build (running 0h 12m 8s)|busy:        delta (running 0h 8m 24s)
20:47:34 | rss_kb= | Index:   building|Memory:  16.8 GB (peak 16.8 GB)|busy:        warm-build (running 0h 12m 23s)|busy:        delta (running 0h 8m 39s)
20:47:49 | rss_kb= | Index:   building|Memory:  17.2 GB (peak 17.2 GB)|busy:        warm-build (running 0h 12m 38s)|busy:        delta (running 0h 8m 54s)
20:48:04 | rss_kb= | Index:   building|Memory:  17.2 GB (peak 17.2 GB)|busy:        warm-build (running 0h 12m 53s)|busy:        delta (running 0h 9m 9s)
20:48:19 | rss_kb= | Index:   building|Memory:  17.2 GB (peak 17.2 GB)|busy:        warm-build (running 0h 13m 9s)|busy:        delta (running 0h 9m 24s)
20:48:34 | rss_kb= | Index:   building|Memory:  17.2 GB (peak 17.2 GB)|busy:        warm-build (running 0h 13m 24s)|busy:        delta (running 0h 9m 40s)
20:48:50 | rss_kb= | Index:   building|Memory:  17.2 GB (peak 17.2 GB)|busy:        warm-build (running 0h 13m 39s)|busy:        delta (running 0h 9m 55s)
20:49:05 | rss_kb= | Index:   building|Memory:  17.2 GB (peak 17.2 GB)|busy:        warm-build (running 0h 13m 54s)|busy:        delta (running 0h 10m 10s)
20:49:20 | rss_kb= | Index:   building|Memory:  17.2 GB (peak 17.2 GB)|busy:        warm-build (running 0h 14m 9s)|busy:        delta (running 0h 10m 25s)
20:49:35 | rss_kb= | Index:   building|Memory:  17.2 GB (peak 17.2 GB)|busy:        warm-build (running 0h 14m 24s)|busy:        delta (running 0h 10m 40s)
20:49:50 | rss_kb= | Index:   building|Memory:  17.2 GB (peak 17.2 GB)|busy:        warm-build (running 0h 14m 40s)|busy:        delta (running 0h 10m 55s)
20:50:06 | rss_kb= | Index:   building|Memory:  17.6 GB (peak 17.6 GB)|busy:        warm-build (running 0h 14m 55s)|busy:        delta (running 0h 11m 11s)
20:50:21 | rss_kb= | Index:   building|Memory:  17.6 GB (peak 17.6 GB)|busy:        warm-build (running 0h 15m 10s)|busy:        delta (running 0h 11m 26s)
20:50:36 | rss_kb= | Index:   building|Memory:  17.6 GB (peak 17.6 GB)|busy:        warm-build (running 0h 15m 25s)|busy:        delta (running 0h 11m 41s)
20:50:51 | rss_kb= | Index:   building|Memory:  17.6 GB (peak 17.6 GB)|busy:        warm-build (running 0h 15m 40s)|busy:        delta (running 0h 11m 56s)
20:51:06 | rss_kb= | Index:   building|Memory:  17.6 GB (peak 17.6 GB)|busy:        warm-build (running 0h 15m 55s)|busy:        delta (running 0h 12m 11s)
20:51:21 | rss_kb= | Index:   building|Memory:  17.6 GB (peak 17.6 GB)|busy:        warm-build (running 0h 16m 11s)|busy:        delta (running 0h 12m 26s)
20:51:36 | rss_kb= | Index:   building|Memory:  17.6 GB (peak 17.6 GB)|busy:        warm-build (running 0h 16m 26s)|busy:        delta (running 0h 12m 42s)
20:51:52 | rss_kb= | Index:   building|Memory:  17.6 GB (peak 17.6 GB)|busy:        warm-build (running 0h 16m 41s)|busy:        delta (running 0h 12m 57s)
20:52:07 | rss_kb= | Index:   building|Memory:  18.0 GB (peak 18.0 GB)|busy:        warm-build (running 0h 16m 56s)|busy:        delta (running 0h 13m 12s)
20:52:22 | rss_kb= | Index:   building|Memory:  18.0 GB (peak 18.0 GB)|busy:        warm-build (running 0h 17m 11s)|busy:        delta (running 0h 13m 27s)
20:52:37 | rss_kb= | Index:   building|Memory:  18.0 GB (peak 18.0 GB)|busy:        warm-build (running 0h 17m 26s)|busy:        delta (running 0h 13m 42s)
20:52:52 | rss_kb= | Index:   building|Memory:  18.0 GB (peak 18.0 GB)|busy:        warm-build (running 0h 17m 42s)|busy:        delta (running 0h 13m 57s)
20:53:07 | rss_kb= | Index:   building|Memory:  18.0 GB (peak 18.0 GB)|busy:        warm-build (running 0h 17m 57s)|busy:        delta (running 0h 14m 13s)
20:53:23 | rss_kb= | Index:   building|Memory:  18.0 GB (peak 18.0 GB)|busy:        warm-build (running 0h 18m 12s)|busy:        delta (running 0h 14m 28s)
20:53:38 | rss_kb= | Index:   building|Memory:  18.0 GB (peak 18.0 GB)|busy:        warm-build (running 0h 18m 27s)|busy:        delta (running 0h 14m 43s)
20:53:53 | rss_kb= | Index:   building|Memory:  18.0 GB (peak 18.0 GB)|busy:        warm-build (running 0h 18m 42s)|busy:        delta (running 0h 14m 58s)
20:54:08 | rss_kb= | Index:   building|Memory:  18.0 GB (peak 18.0 GB)|busy:        warm-build (running 0h 18m 57s)|busy:        delta (running 0h 15m 13s)
20:54:23 | rss_kb= | Index:   building|Memory:  19.6 GB (peak 19.6 GB)|busy:        warm-build (running 0h 19m 13s)|busy:        delta (running 0h 15m 29s)
20:54:39 | rss_kb= | Index:   building|Memory:  19.6 GB (peak 19.6 GB)|busy:        warm-build (running 0h 19m 28s)|busy:        delta (running 0h 15m 44s)
20:54:54 | rss_kb= | Index:   building|Memory:  19.6 GB (peak 19.6 GB)|busy:        warm-build (running 0h 19m 43s)|busy:        delta (running 0h 15m 59s)
20:55:09 | rss_kb= | Index:   building|Memory:  19.6 GB (peak 19.6 GB)|busy:        warm-build (running 0h 19m 58s)|busy:        delta (running 0h 16m 14s)
20:55:24 | rss_kb= | Index:   building|Memory:  19.6 GB (peak 19.6 GB)|busy:        warm-build (running 0h 20m 14s)|busy:        delta (running 0h 16m 30s)
20:55:40 | rss_kb= | Index:   building|Memory:  19.6 GB (peak 19.6 GB)|busy:        warm-build (running 0h 20m 30s)|busy:        delta (running 0h 16m 45s)
20:55:55 | rss_kb= | Index:   building|Memory:  19.6 GB (peak 19.6 GB)|busy:        warm-build (running 0h 20m 45s)|busy:        delta (running 0h 17m 1s)
20:56:11 | rss_kb= | Index:   building|Memory:  19.6 GB (peak 19.6 GB)|busy:        warm-build (running 0h 21m 0s)|busy:        delta (running 0h 17m 16s)
20:56:26 | rss_kb= | Index:   building|Memory:  19.6 GB (peak 19.6 GB)|busy:        warm-build (running 0h 21m 16s)|busy:        delta (running 0h 17m 32s)
20:56:42 | rss_kb= | Index:   building|Memory:  19.6 GB (peak 19.6 GB)|busy:        warm-build (running 0h 21m 31s)|busy:        delta (running 0h 17m 47s)
20:56:57 | rss_kb= | Index:   building|Memory:  19.6 GB (peak 19.6 GB)|busy:        warm-build (running 0h 21m 46s)|busy:        delta (running 0h 18m 2s)
20:57:12 | rss_kb= | Index:   building|Memory:  19.6 GB (peak 19.6 GB)|busy:        warm-build (running 0h 22m 1s)|busy:        delta (running 0h 18m 17s)
20:57:27 | rss_kb= | Index:   building|Memory:  19.6 GB (peak 19.6 GB)|busy:        warm-build (running 0h 22m 18s)|busy:        delta (running 0h 18m 33s)
20:57:43 | rss_kb= | Index:   building|Memory:  19.6 GB (peak 19.6 GB)|busy:        warm-build (running 0h 22m 33s)|busy:        delta (running 0h 18m 49s)
20:57:59 | rss_kb= | Index:   building|Memory:  19.6 GB (peak 19.6 GB)|busy:        warm-build (running 0h 22m 48s)|busy:        delta (running 0h 19m 4s)
20:58:14 | rss_kb= | Index:   building|Memory:  19.6 GB (peak 19.6 GB)|busy:        warm-build (running 0h 23m 3s)|busy:        delta (running 0h 19m 19s)
20:58:29 | rss_kb= | Index:   building|Memory:  19.6 GB (peak 19.6 GB)|busy:        warm-build (running 0h 23m 19s)|busy:        delta (running 0h 19m 35s)
20:58:45 | rss_kb= | Index:   building|Memory:  19.6 GB (peak 19.6 GB)|busy:        warm-build (running 0h 23m 34s)|busy:        delta (running 0h 19m 50s)
20:59:00 | rss_kb= | Index:   building|Memory:  19.6 GB (peak 19.6 GB)|busy:        warm-build (running 0h 23m 50s)|busy:        delta (running 0h 20m 5s)
20:59:16 | rss_kb= | Index:   building|Memory:  19.6 GB (peak 19.6 GB)|busy:        warm-build (running 0h 24m 5s)|busy:        delta (running 0h 20m 21s)
20:59:31 | rss_kb= | Index:   building|Memory:  19.6 GB (peak 19.6 GB)|busy:        warm-build (running 0h 24m 21s)|busy:        delta (running 0h 20m 37s)
20:59:47 | rss_kb= | Index:   building|Memory:  19.6 GB (peak 19.6 GB)|busy:        warm-build (running 0h 24m 36s)|busy:        delta (running 0h 20m 52s)
21:00:02 | rss_kb= | Index:   building|Memory:  19.6 GB (peak 19.6 GB)|busy:        warm-build (running 0h 24m 51s)|busy:        delta (running 0h 21m 7s)
21:00:17 | rss_kb= | Index:   building|Memory:  19.6 GB (peak 19.6 GB)|busy:        warm-build (running 0h 25m 6s)|busy:        delta (running 0h 21m 22s)
21:00:32 | rss_kb= | Index:   building|Memory:  19.6 GB (peak 19.6 GB)|busy:        warm-build (running 0h 25m 23s)|busy:        delta (running 0h 21m 38s)
21:00:49 | rss_kb= | Index:   building|Memory:  19.6 GB (peak 19.6 GB)|busy:        warm-build (running 0h 25m 38s)|busy:        delta (running 0h 21m 54s)
21:01:04 | rss_kb= | Index:   building|Memory:  19.6 GB (peak 19.6 GB)|busy:        warm-build (running 0h 25m 53s)|busy:        delta (running 0h 22m 9s)
21:01:19 | rss_kb= | Index:   building|Memory:  19.6 GB (peak 19.6 GB)|busy:        warm-build (running 0h 26m 8s)|busy:        delta (running 0h 22m 24s)
21:01:34 | rss_kb= | Index:   building|Memory:  19.6 GB (peak 19.6 GB)|busy:        warm-build (running 0h 26m 25s)|busy:        delta (running 0h 22m 41s)
21:01:51 | rss_kb= | Index:   building|Memory:  12.0 GB (peak 19.6 GB)|busy:        warm-build (running 0h 26m 40s)|busy:        delta (running 0h 22m 56s)
21:02:06 | rss_kb= | Index:   building|Memory:  10.6 GB (peak 19.6 GB)|busy:        warm-build (running 0h 26m 55s)|busy:        delta (running 0h 23m 11s)
21:02:21 | rss_kb= | Index:   building|Memory:  11.4 GB (peak 19.6 GB)|busy:        warm-build (running 0h 27m 10s)|busy:        delta (running 0h 23m 26s)
21:02:36 | rss_kb= | Index:   building|Memory:  11.0 GB (peak 19.6 GB)|busy:        warm-build (running 0h 27m 27s)|busy:        delta (running 0h 23m 43s)
21:02:53 | rss_kb= | Index:   building|Memory:  11.8 GB (peak 19.6 GB)|busy:        warm-build (running 0h 27m 42s)|busy:        delta (running 0h 23m 58s)
21:03:08 | rss_kb= | Index:   building|Memory:  9.6 GB (peak 19.6 GB)|busy:        warm-build (running 0h 27m 57s)|busy:        delta (running 0h 24m 13s)
21:03:23 | rss_kb= | Index:   building|Memory:  11.4 GB (peak 19.6 GB)|busy:        warm-build (running 0h 28m 12s)|busy:        delta (running 0h 24m 28s)
21:03:38 | rss_kb= | Index:   building|Memory:  6.7 GB (peak 19.6 GB)|busy:        warm-build (running 0h 28m 27s)|busy:        delta (running 0h 24m 43s)
21:03:53 | rss_kb= | Index:   building|Memory:  1.4 GB (peak 19.6 GB)|busy:        warm-build (running 0h 28m 43s)|busy:        delta (running 0h 24m 58s)
21:04:09 | rss_kb= | Index:   building|Memory:  5.0 GB (peak 19.6 GB)|busy:        warm-build (running 0h 28m 58s)|busy:        delta (running 0h 25m 14s)
21:04:24 | rss_kb= | Index:   building|Memory:  11.6 GB (peak 19.6 GB)|busy:        warm-build (running 0h 29m 13s)|busy:        delta (running 0h 25m 29s)
21:04:39 | rss_kb= | Index:   building|Memory:  7.6 GB (peak 19.6 GB)|busy:        warm-build (running 0h 29m 28s)|busy:        delta (running 0h 25m 44s)
21:04:54 | rss_kb= | Index:   building|Memory:  9.6 GB (peak 19.6 GB)|busy:        warm-build (running 0h 29m 43s)|busy:        delta (running 0h 25m 59s)
21:05:09 | rss_kb= | Index:   building|Memory:  11.6 GB (peak 19.6 GB)|busy:        warm-build (running 0h 29m 59s)|busy:        delta (running 0h 26m 14s)
21:05:24 | rss_kb= | Index:   building|Memory:  11.2 GB (peak 19.6 GB)|busy:        warm-build (running 0h 30m 14s)|busy:        delta (running 0h 26m 30s)
21:05:40 | rss_kb= | Index:   building|Memory:  6.5 GB (peak 19.6 GB)|busy:        warm-build (running 0h 30m 29s)|busy:        delta (running 0h 26m 45s)
21:05:55 | rss_kb= | Index:   building|Memory:  9.6 GB (peak 19.6 GB)|busy:        warm-build (running 0h 30m 44s)|busy:        delta (running 0h 27m 0s)
21:06:10 | rss_kb= | Index:   building|Memory:  7.2 GB (peak 19.6 GB)|busy:        warm-build (running 0h 30m 59s)|busy:        delta (running 0h 27m 15s)
21:06:25 | rss_kb= | Index:   building|Memory:  9.5 GB (peak 19.6 GB)|busy:        warm-build (running 0h 31m 14s)|busy:        delta (running 0h 27m 30s)
21:06:40 | rss_kb= | Index:   building|Memory:  8.0 GB (peak 19.6 GB)|busy:        warm-build (running 0h 31m 30s)|busy:        delta (running 0h 27m 45s)
21:06:55 | rss_kb= | Index:   building|Memory:  9.8 GB (peak 19.6 GB)|busy:        warm-build (running 0h 31m 45s)|busy:        delta (running 0h 28m 1s)
21:07:11 | rss_kb= | Index:   building|Memory:  10.7 GB (peak 19.6 GB)|busy:        warm-build (running 0h 32m 0s)|busy:        delta (running 0h 28m 16s)
21:07:26 | rss_kb= | Index:   building|Memory:  7.1 GB (peak 19.6 GB)|busy:        warm-build (running 0h 32m 15s)|busy:        delta (running 0h 28m 31s)
21:07:41 | rss_kb= | Index:   building|Memory:  11.3 GB (peak 19.6 GB)|busy:        warm-build (running 0h 32m 30s)|busy:        delta (running 0h 28m 46s)
21:07:56 | rss_kb= | Index:   building|Memory:  11.1 GB (peak 19.6 GB)|busy:        warm-build (running 0h 32m 45s)|busy:        delta (running 0h 29m 1s)
21:08:11 | rss_kb= | Index:   building|Memory:  7.4 GB (peak 19.6 GB)|busy:        warm-build (running 0h 33m 1s)|busy:        delta (running 0h 29m 16s)
21:08:26 | rss_kb= | Index:   building|Memory:  10.2 GB (peak 19.6 GB)|busy:        warm-build (running 0h 33m 16s)|busy:        delta (running 0h 29m 32s)
21:08:42 | rss_kb= | Index:   building|Memory:  7.0 GB (peak 19.6 GB)|busy:        warm-build (running 0h 33m 31s)|busy:        delta (running 0h 29m 47s)
21:08:57 | rss_kb= | Index:   building|Memory:  9.2 GB (peak 19.6 GB)|busy:        warm-build (running 0h 33m 46s)|busy:        delta (running 0h 30m 2s)
21:09:12 | rss_kb= | Index:   building|Memory:  11.2 GB (peak 19.6 GB)|busy:        warm-build (running 0h 34m 1s)|busy:        delta (running 0h 30m 17s)
21:09:27 | rss_kb= | Index:   building|Memory:  7.7 GB (peak 19.6 GB)|busy:        warm-build (running 0h 34m 16s)|busy:        delta (running 0h 30m 32s)
21:09:42 | rss_kb= | Index:   building|Memory:  9.6 GB (peak 19.6 GB)|busy:        warm-build (running 0h 34m 31s)|busy:        delta (running 0h 30m 47s)
21:09:57 | rss_kb= | Index:   building|Memory:  6.8 GB (peak 19.6 GB)|busy:        warm-build (running 0h 34m 47s)|busy:        delta (running 0h 31m 2s)
21:10:12 | rss_kb= | Index:   building|Memory:  10.1 GB (peak 19.6 GB)|busy:        warm-build (running 0h 35m 2s)|busy:        delta (running 0h 31m 18s)
21:10:28 | rss_kb= | Index:   building|Memory:  9.3 GB (peak 19.6 GB)|busy:        warm-build (running 0h 35m 17s)|busy:        delta (running 0h 31m 33s)
21:10:43 | rss_kb= | Index:   building|Memory:  8.6 GB (peak 19.6 GB)|busy:        warm-build (running 0h 35m 32s)|busy:        delta (running 0h 31m 48s)
21:10:58 | rss_kb= | Index:   building|Memory:  9.5 GB (peak 19.6 GB)|busy:        warm-build (running 0h 35m 47s)|busy:        delta (running 0h 32m 3s)
21:11:13 | rss_kb= | Index:   building|Memory:  7.8 GB (peak 19.6 GB)|busy:        warm-build (running 0h 36m 2s)|busy:        delta (running 0h 32m 18s)
21:11:28 | rss_kb= | Index:   building|Memory:  11.6 GB (peak 19.6 GB)|busy:        warm-build (running 0h 36m 18s)|busy:        delta (running 0h 32m 33s)
21:11:44 | rss_kb= | Index:   building|Memory:  12.2 GB (peak 19.6 GB)|busy:        warm-build (running 0h 36m 33s)|busy:        delta (running 0h 32m 49s)
21:11:59 | rss_kb= | Index:   building|Memory:  12.3 GB (peak 19.6 GB)|busy:        warm-build (running 0h 36m 48s)|busy:        delta (running 0h 33m 4s)
21:12:14 | rss_kb= | Index:   building|Memory:  12.4 GB (peak 19.6 GB)|busy:        warm-build (running 0h 37m 3s)|busy:        delta (running 0h 33m 19s)
21:12:29 | rss_kb= | Index:   building|Memory:  12.6 GB (peak 19.6 GB)|busy:        warm-build (running 0h 37m 18s)|busy:        delta (running 0h 33m 34s)
21:12:44 | rss_kb= | Index:   building|Memory:  12.9 GB (peak 19.6 GB)|busy:        warm-build (running 0h 37m 33s)|busy:        delta (running 0h 33m 49s)
21:12:59 | rss_kb= | Index:   building|Memory:  13.0 GB (peak 19.6 GB)|busy:        warm-build (running 0h 37m 49s)|busy:        delta (running 0h 34m 4s)
21:13:14 | rss_kb= | Index:   building|Memory:  13.1 GB (peak 19.6 GB)|busy:        warm-build (running 0h 38m 4s)|busy:        delta (running 0h 34m 20s)
21:13:30 | rss_kb= | Index:   building|Memory:  13.3 GB (peak 19.6 GB)|busy:        warm-build (running 0h 38m 19s)|busy:        delta (running 0h 34m 35s)
21:13:45 | rss_kb= | Index:   building|Memory:  13.4 GB (peak 19.6 GB)|busy:        warm-build (running 0h 38m 34s)|busy:        delta (running 0h 34m 50s)
21:14:00 | rss_kb= | Index:   building|Memory:  13.4 GB (peak 19.6 GB)|busy:        warm-build (running 0h 38m 49s)|busy:        delta (running 0h 35m 5s)
21:14:15 | rss_kb= | Index:   building|Memory:  15.4 GB (peak 19.6 GB)|busy:        warm-build (running 0h 39m 5s)|busy:        delta (running 0h 35m 20s)
21:14:30 | rss_kb= | Index:   building|Memory:  15.4 GB (peak 19.6 GB)|busy:        warm-build (running 0h 39m 20s)|busy:        delta (running 0h 35m 36s)
21:14:46 | rss_kb= | Index:   building|Memory:  15.4 GB (peak 19.6 GB)|busy:        warm-build (running 0h 39m 35s)|busy:        delta (running 0h 35m 51s)
21:15:01 | rss_kb= | Index:   building|Memory:  15.4 GB (peak 19.6 GB)|busy:        warm-build (running 0h 39m 51s)|busy:        delta (running 0h 36m 7s)
21:15:17 | rss_kb= | Index:   building|Memory:  15.4 GB (peak 19.6 GB)|busy:        warm-build (running 0h 40m 6s)|busy:        delta (running 0h 36m 22s)
21:15:32 | rss_kb= | Index:   building|Memory:  15.4 GB (peak 19.6 GB)|busy:        warm-build (running 0h 40m 21s)|busy:        delta (running 0h 36m 37s)
21:15:47 | rss_kb= | Index:   building|Memory:  15.3 GB (peak 19.6 GB)|busy:        warm-build (running 0h 40m 37s)|busy:        delta (running 0h 36m 52s)
21:16:02 | rss_kb= | Index:   building|Memory:  15.3 GB (peak 19.6 GB)|busy:        warm-build (running 0h 40m 53s)|busy:        delta (running 0h 37m 9s)
21:16:19 | rss_kb= | Index:   building|Memory:  14.6 GB (peak 19.6 GB)|busy:        warm-build (running 0h 41m 8s)|busy:        delta (running 0h 37m 24s)
21:16:34 | rss_kb= | Index:   building|Memory:  14.6 GB (peak 19.6 GB)|busy:        warm-build (running 0h 41m 23s)|busy:        delta (running 0h 37m 39s)
21:16:49 | rss_kb= | Index:   building|Memory:  14.5 GB (peak 19.6 GB)|busy:        warm-build (running 0h 41m 38s)|busy:        delta (running 0h 37m 54s)
21:17:04 | rss_kb= | Index:   building|Memory:  14.1 GB (peak 19.6 GB)|busy:        warm-build (running 0h 41m 55s)|busy:        delta (running 0h 38m 10s)
21:17:20 | rss_kb= | Index:   building|Memory:  12.8 GB (peak 19.6 GB)|busy:        warm-build (running 0h 42m 10s)|busy:        delta (running 0h 38m 26s)
21:17:36 | rss_kb= | Index:   building|Memory:  12.9 GB (peak 19.6 GB)|busy:        warm-build (running 0h 42m 25s)|busy:        delta (running 0h 38m 41s)
21:17:51 | rss_kb= | Index:   building|Memory:  13.0 GB (peak 19.6 GB)|busy:        warm-build (running 0h 42m 40s)|busy:        delta (running 0h 38m 56s)
21:18:06 | rss_kb= | Index:   building|Memory:  13.1 GB (peak 19.6 GB)|busy:        warm-build (running 0h 42m 56s)|busy:        delta (running 0h 39m 12s)
21:18:22 | rss_kb= | Index:   building|Memory:  13.2 GB (peak 19.6 GB)|busy:        warm-build (running 0h 43m 12s)|busy:        delta (running 0h 39m 27s)
21:18:37 | rss_kb= | Index:   building|Memory:  13.2 GB (peak 19.6 GB)|busy:        warm-build (running 0h 43m 27s)|busy:        delta (running 0h 39m 43s)
21:18:53 | rss_kb= | Index:   building|Memory:  13.7 GB (peak 19.6 GB)|busy:        warm-build (running 0h 43m 42s)|busy:        delta (running 0h 39m 58s)
21:19:08 | rss_kb= | Index:   building|Memory:  13.7 GB (peak 19.6 GB)|busy:        warm-build (running 0h 43m 58s)|busy:        delta (running 0h 40m 14s)
21:19:24 | rss_kb= | Index:   building|Memory:  13.7 GB (peak 19.6 GB)|busy:        warm-build (running 0h 44m 13s)|busy:        delta (running 0h 40m 29s)
21:19:39 | rss_kb= | Index:   building|Memory:  13.7 GB (peak 19.6 GB)|busy:        warm-build (running 0h 44m 29s)|busy:        delta (running 0h 40m 44s)
21:19:54 | rss_kb= | Index:   building|Memory:  13.2 GB (peak 19.6 GB)|busy:        warm-build (running 0h 44m 44s)|busy:        delta (running 0h 41m 0s)
21:20:10 | rss_kb= | Index:   building|Memory:  12.6 GB (peak 19.6 GB)|busy:        warm-build (running 0h 45m 0s)|busy:        delta (running 0h 41m 16s)
21:20:26 | rss_kb= | Index:   building|Memory:  12.6 GB (peak 19.6 GB)|busy:        warm-build (running 0h 45m 15s)|busy:        delta (running 0h 41m 31s)
21:20:41 | rss_kb= | Index:   building|Memory:  12.6 GB (peak 19.6 GB)|busy:        warm-build (running 0h 45m 30s)|busy:        delta (running 0h 41m 46s)
21:20:56 | rss_kb= | Index:   building|Memory:  12.7 GB (peak 19.6 GB)|busy:        warm-build (running 0h 45m 45s)|busy:        delta (running 0h 42m 1s)
21:21:11 | rss_kb= | Index:   building|Memory:  12.9 GB (peak 19.6 GB)|busy:        warm-build (running 0h 46m 2s)|busy:        delta (running 0h 42m 17s)
21:21:28 | rss_kb= | Index:   building|Memory:  13.2 GB (peak 19.6 GB)|busy:        warm-build (running 0h 46m 17s)|busy:        delta (running 0h 42m 33s)
21:21:43 | rss_kb= | Index:   building|Memory:  13.3 GB (peak 19.6 GB)|busy:        warm-build (running 0h 46m 32s)|busy:        delta (running 0h 42m 48s)
21:21:58 | rss_kb= | Index:   building|Memory:  13.1 GB (peak 19.6 GB)|busy:        warm-build (running 0h 46m 47s)|busy:        delta (running 0h 43m 3s)
21:22:13 | rss_kb= | Index:   building|Memory:  12.3 GB (peak 19.6 GB)|busy:        warm-build (running 0h 47m 3s)|busy:        delta (running 0h 43m 19s)
21:22:29 | rss_kb= | Index:   building|Memory:  12.4 GB (peak 19.6 GB)|busy:        warm-build (running 0h 47m 18s)|busy:        delta (running 0h 43m 34s)
21:22:44 | rss_kb= | Index:   building|Memory:  12.3 GB (peak 19.6 GB)|busy:        warm-build (running 0h 47m 34s)|busy:        delta (running 0h 43m 49s)
21:22:59 | rss_kb= | Index:   building|Memory:  12.4 GB (peak 19.6 GB)|busy:        warm-build (running 0h 47m 49s)|busy:        delta (running 0h 44m 5s)
21:23:15 | rss_kb= | Index:   building|Memory:  12.4 GB (peak 19.6 GB)|busy:        warm-build (running 0h 48m 5s)|busy:        delta (running 0h 44m 21s)
21:23:31 | rss_kb= | Index:   building|Memory:  12.3 GB (peak 19.6 GB)|busy:        warm-build (running 0h 48m 20s)|busy:        delta (running 0h 44m 36s)
21:23:46 | rss_kb= | Index:   building|Memory:  12.2 GB (peak 19.6 GB)|busy:        warm-build (running 0h 48m 35s)|busy:        delta (running 0h 44m 51s)
21:24:01 | rss_kb= | Index:   building|Memory:  12.2 GB (peak 19.6 GB)|busy:        warm-build (running 0h 48m 50s)|busy:        delta (running 0h 45m 6s)
21:24:16 | rss_kb= | Index:   building|Memory:  12.1 GB (peak 19.6 GB)|busy:        warm-build (running 0h 49m 7s)|busy:        delta (running 0h 45m 23s)
21:24:33 | rss_kb= | Index:   building|Memory:  12.3 GB (peak 19.6 GB)|busy:        warm-build (running 0h 49m 22s)|busy:        delta (running 0h 45m 38s)
21:24:48 | rss_kb= | Index:   building|Memory:  12.4 GB (peak 19.6 GB)|busy:        warm-build (running 0h 49m 37s)|busy:        delta (running 0h 45m 53s)
21:25:03 | rss_kb= | Index:   building|Memory:  12.5 GB (peak 19.6 GB)|busy:        warm-build (running 0h 49m 52s)|busy:        delta (running 0h 46m 8s)
21:25:18 | rss_kb= | Index:   building|Memory:  12.5 GB (peak 19.6 GB)|busy:        warm-build (running 0h 50m 9s)|busy:        delta (running 0h 46m 24s)
21:25:34 | rss_kb= | Index:   building|Memory:  12.9 GB (peak 19.6 GB)|busy:        warm-build (running 0h 50m 24s)|busy:        delta (running 0h 46m 40s)
21:25:50 | rss_kb= | Index:   building|Memory:  12.7 GB (peak 19.6 GB)|busy:        warm-build (running 0h 50m 39s)|busy:        delta (running 0h 46m 55s)
21:26:05 | rss_kb= | Index:   building|Memory:  12.7 GB (peak 19.6 GB)|busy:        warm-build (running 0h 50m 54s)|busy:        delta (running 0h 47m 10s)
21:26:20 | rss_kb= | Index:   building|Memory:  12.7 GB (peak 19.6 GB)|busy:        warm-build (running 0h 51m 10s)|busy:        delta (running 0h 47m 26s)
21:26:36 | rss_kb= | Index:   building|Memory:  12.8 GB (peak 19.6 GB)|busy:        warm-build (running 0h 51m 26s)|busy:        delta (running 0h 47m 41s)
21:26:51 | rss_kb= | Index:   building|Memory:  12.9 GB (peak 19.6 GB)|busy:        warm-build (running 0h 51m 41s)|busy:        delta (running 0h 47m 57s)
21:27:07 | rss_kb= | Index:   building|Memory:  12.4 GB (peak 19.6 GB)|busy:        warm-build (running 0h 51m 56s)|busy:        delta (running 0h 48m 12s)
21:27:22 | rss_kb= | Index:   building|Memory:  12.0 GB (peak 19.6 GB)|busy:        warm-build (running 0h 52m 12s)|busy:        delta (running 0h 48m 28s)
21:27:38 | rss_kb= | Index:   building|Memory:  12.5 GB (peak 19.6 GB)|busy:        warm-build (running 0h 52m 27s)|busy:        delta (running 0h 48m 43s)
21:27:53 | rss_kb= | Index:   building|Memory:  12.0 GB (peak 19.6 GB)|busy:        warm-build (running 0h 52m 43s)|busy:        delta (running 0h 48m 58s)
21:28:08 | rss_kb= | Index:   building|Memory:  12.1 GB (peak 19.6 GB)|busy:        warm-build (running 0h 52m 58s)|busy:        delta (running 0h 49m 14s)
21:28:24 | rss_kb= | Index:   building|Memory:  12.2 GB (peak 19.6 GB)|busy:        warm-build (running 0h 53m 14s)|busy:        delta (running 0h 49m 30s)
21:28:40 | rss_kb= | Index:   building|Memory:  12.3 GB (peak 19.6 GB)|busy:        warm-build (running 0h 53m 29s)|busy:        delta (running 0h 49m 45s)
21:28:55 | rss_kb= | Index:   building|Memory:  12.2 GB (peak 19.6 GB)|busy:        warm-build (running 0h 53m 44s)|busy:        delta (running 0h 50m 0s)
21:29:10 | rss_kb= | Index:   building|Memory:  11.9 GB (peak 19.6 GB)|busy:        warm-build (running 0h 53m 59s)|busy:        delta (running 0h 50m 15s)
21:29:25 | rss_kb= | Index:   building|Memory:  11.9 GB (peak 19.6 GB)|busy:        warm-build (running 0h 54m 16s)|busy:        delta (running 0h 50m 32s)
21:29:42 | rss_kb= | Index:   building|Memory:  11.9 GB (peak 19.6 GB)|busy:        warm-build (running 0h 54m 31s)|busy:        delta (running 0h 50m 47s)
21:29:57 | rss_kb= | Index:   building|Memory:  12.5 GB (peak 19.6 GB)|busy:        warm-build (running 0h 54m 46s)|busy:        delta (running 0h 51m 2s)
21:30:12 | rss_kb= | Index:   building|Memory:  12.5 GB (peak 19.6 GB)|busy:        warm-build (running 0h 55m 2s)|busy:        delta (running 0h 51m 17s)
21:30:27 | rss_kb= | Index:   building|Memory:  12.6 GB (peak 19.6 GB)|busy:        warm-build (running 0h 55m 18s)|busy:        delta (running 0h 51m 34s)
21:30:44 | rss_kb= | Index:   building|Memory:  10.2 GB (peak 19.6 GB)|busy:        warm-build (running 0h 55m 33s)|busy:        delta (running 0h 51m 49s)
21:30:59 | rss_kb= | Index:   building|Memory:  11.7 GB (peak 19.6 GB)|busy:        warm-build (running 0h 55m 48s)|busy:        delta (running 0h 52m 4s)
21:31:14 | rss_kb= | Index:   building|Memory:  11.6 GB (peak 19.6 GB)|busy:        warm-build (running 0h 56m 3s)|busy:        delta (running 0h 52m 19s)
21:31:29 | rss_kb= | Index:   building|Memory:  11.7 GB (peak 19.6 GB)|busy:        warm-build (running 0h 56m 19s)|busy:        delta (running 0h 52m 35s)
21:31:45 | rss_kb= | Index:   building|Memory:  11.7 GB (peak 19.6 GB)|busy:        warm-build (running 0h 56m 35s)|busy:        delta (running 0h 52m 50s)
21:32:01 | rss_kb= | Index:   building|Memory:  11.8 GB (peak 19.6 GB)|busy:        warm-build (running 0h 56m 50s)|busy:        delta (running 0h 53m 6s)
21:32:16 | rss_kb= | Index:   building|Memory:  12.1 GB (peak 19.6 GB)|busy:        warm-build (running 0h 57m 5s)|busy:        delta (running 0h 53m 21s)
21:32:31 | rss_kb= | Index:   building|Memory:  11.4 GB (peak 19.6 GB)|busy:        warm-build (running 0h 57m 21s)|busy:        delta (running 0h 53m 37s)
21:32:47 | rss_kb= | Index:   building|Memory:  11.7 GB (peak 19.6 GB)|busy:        warm-build (running 0h 57m 36s)|busy:        delta (running 0h 53m 52s)
21:33:02 | rss_kb= | Index:   building|Memory:  11.7 GB (peak 19.6 GB)|busy:        warm-build (running 0h 57m 51s)|busy:        delta (running 0h 54m 7s)
21:33:17 | rss_kb= | Index:   building|Memory:  11.7 GB (peak 19.6 GB)|busy:        warm-build (running 0h 58m 7s)|busy:        delta (running 0h 54m 22s)
21:33:33 | rss_kb= | Index:   building|Memory:  9.9 GB (peak 19.6 GB)|busy:        warm-build (running 0h 58m 23s)|busy:        delta (running 0h 54m 39s)
21:33:49 | rss_kb= | Index:   building|Memory:  11.7 GB (peak 19.6 GB)|busy:        warm-build (running 0h 58m 38s)|busy:        delta (running 0h 54m 54s)
21:34:04 | rss_kb= | Index:   building|Memory:  11.8 GB (peak 19.6 GB)|busy:        warm-build (running 0h 58m 53s)|busy:        delta (running 0h 55m 9s)
21:34:19 | rss_kb= | Index:   building|Memory:  11.9 GB (peak 19.6 GB)|busy:        warm-build (running 0h 59m 8s)|busy:        delta (running 0h 55m 24s)
21:34:34 | rss_kb= | Index:   building|Memory:  10.5 GB (peak 19.6 GB)|busy:        warm-build (running 0h 59m 25s)|busy:        delta (running 0h 55m 41s)
21:34:51 | rss_kb= | Index:   building|Memory:  11.6 GB (peak 19.6 GB)|busy:        warm-build (running 0h 59m 40s)|busy:        delta (running 0h 55m 56s)
21:35:06 | rss_kb= | Index:   building|Memory:  11.7 GB (peak 19.6 GB)|busy:        warm-build (running 0h 59m 55s)|busy:        delta (running 0h 56m 11s)
21:35:21 | rss_kb= | Index:   building|Memory:  11.4 GB (peak 19.6 GB)|busy:        warm-build (running 1h 0m 10s)|busy:        delta (running 0h 56m 26s)
21:35:36 | rss_kb= | Index:   building|Memory:  11.6 GB (peak 19.6 GB)|busy:        warm-build (running 1h 0m 26s)|busy:        delta (running 0h 56m 42s)
21:35:52 | rss_kb= | Index:   building|Memory:  11.9 GB (peak 19.6 GB)|busy:        warm-build (running 1h 0m 42s)|busy:        delta (running 0h 56m 57s)
21:36:08 | rss_kb= | Index:   building|Memory:  11.9 GB (peak 19.6 GB)|busy:        warm-build (running 1h 0m 57s)|busy:        delta (running 0h 57m 13s)
21:36:23 | rss_kb= | Index:   building|Memory:  11.6 GB (peak 19.6 GB)|busy:        warm-build (running 1h 1m 12s)|busy:        delta (running 0h 57m 28s)
21:36:38 | rss_kb= | Index:   building|Memory:  11.3 GB (peak 19.6 GB)|busy:        warm-build (running 1h 1m 28s)|busy:        delta (running 0h 57m 44s)
21:36:54 | rss_kb= | Index:   building|Memory:  11.6 GB (peak 19.6 GB)|busy:        warm-build (running 1h 1m 43s)|busy:        delta (running 0h 57m 59s)
21:37:09 | rss_kb= | Index:   building|Memory:  11.0 GB (peak 19.6 GB)|busy:        warm-build (running 1h 1m 59s)|busy:        delta (running 0h 58m 14s)
21:37:24 | rss_kb= | Index:   building|Memory:  11.7 GB (peak 19.6 GB)|busy:        warm-build (running 1h 2m 14s)|busy:        delta (running 0h 58m 30s)
21:37:40 | rss_kb= | Index:   building|Memory:  11.3 GB (peak 19.6 GB)|busy:        warm-build (running 1h 2m 30s)|busy:        delta (running 0h 58m 46s)
21:37:56 | rss_kb= | Index:   building|Memory:  11.7 GB (peak 19.6 GB)|busy:        warm-build (running 1h 2m 45s)|busy:        delta (running 0h 59m 1s)
21:38:11 | rss_kb= | Index:   building|Memory:  10.2 GB (peak 19.6 GB)|busy:        warm-build (running 1h 3m 0s)|busy:        delta (running 0h 59m 16s)
21:38:26 | rss_kb= | Index:   building|Memory:  11.7 GB (peak 19.6 GB)|busy:        warm-build (running 1h 3m 15s)|busy:        delta (running 0h 59m 31s)
21:38:41 | rss_kb= | Index:   building|Memory:  10.3 GB (peak 19.6 GB)|busy:        warm-build (running 1h 3m 32s)|busy:        delta (running 0h 59m 48s)
21:38:58 | rss_kb= | Index:   building|Memory:  10.6 GB (peak 19.6 GB)|busy:        warm-build (running 1h 3m 47s)|busy:        delta (running 1h 0m 3s)
21:39:13 | rss_kb= | Index:   building|Memory:  10.8 GB (peak 19.6 GB)|busy:        warm-build (running 1h 4m 2s)|busy:        delta (running 1h 0m 18s)
21:39:28 | rss_kb= | Index:   building|Memory:  11.5 GB (peak 19.6 GB)|busy:        warm-build (running 1h 4m 17s)|busy:        delta (running 1h 0m 33s)
21:39:43 | rss_kb= | Index:   building|Memory:  11.6 GB (peak 19.6 GB)|busy:        warm-build (running 1h 4m 34s)|busy:        delta (running 1h 0m 50s)
21:40:00 | rss_kb= | Index:   building|Memory:  11.7 GB (peak 19.6 GB)|busy:        warm-build (running 1h 4m 49s)|busy:        delta (running 1h 1m 5s)
21:40:15 | rss_kb= | Index:   building|Memory:  11.7 GB (peak 19.6 GB)|busy:        warm-build (running 1h 5m 4s)|busy:        delta (running 1h 1m 20s)
21:40:30 | rss_kb= | Index:   building|Memory:  11.2 GB (peak 19.6 GB)|busy:        warm-build (running 1h 5m 19s)|busy:        delta (running 1h 1m 35s)
21:40:45 | rss_kb= | Index:   building|Memory:  10.7 GB (peak 19.6 GB)|busy:        warm-build (running 1h 5m 36s)|busy:        delta (running 1h 1m 51s)
21:41:01 | rss_kb= | Index:   building|Memory:  10.4 GB (peak 19.6 GB)|busy:        warm-build (running 1h 5m 51s)|busy:        delta (running 1h 2m 7s)
21:41:17 | rss_kb= | Index:   building|Memory:  10.8 GB (peak 19.6 GB)|busy:        warm-build (running 1h 6m 6s)|busy:        delta (running 1h 2m 22s)
21:41:32 | rss_kb= | Index:   building|Memory:  10.9 GB (peak 19.6 GB)|busy:        warm-build (running 1h 6m 21s)|busy:        delta (running 1h 2m 37s)
21:41:47 | rss_kb= | Index:   building|Memory:  10.8 GB (peak 19.6 GB)|busy:        warm-build (running 1h 6m 38s)|busy:        delta (running 1h 2m 53s)
21:42:03 | rss_kb= | Index:   building|Memory:  11.7 GB (peak 19.6 GB)|busy:        warm-build (running 1h 6m 53s)|busy:        delta (running 1h 3m 9s)
21:42:19 | rss_kb= | Index:   building|Memory:  12.2 GB (peak 19.6 GB)|busy:        warm-build (running 1h 7m 8s)|busy:        delta (running 1h 3m 24s)
21:42:34 | rss_kb= | Index:   building|Memory:  10.8 GB (peak 19.6 GB)|busy:        warm-build (running 1h 7m 23s)|busy:        delta (running 1h 3m 39s)
21:42:49 | rss_kb= | Index:   building|Memory:  11.6 GB (peak 19.6 GB)|busy:        warm-build (running 1h 7m 39s)|busy:        delta (running 1h 3m 55s)
21:43:05 | rss_kb= | Index:   building|Memory:  11.7 GB (peak 19.6 GB)|busy:        warm-build (running 1h 7m 55s)|busy:        delta (running 1h 4m 10s)
21:43:20 | rss_kb= | Index:   building|Memory:  11.7 GB (peak 19.6 GB)|busy:        warm-build (running 1h 8m 10s)|busy:        delta (running 1h 4m 25s)
21:43:36 | rss_kb= | Index:   building|Memory:  11.6 GB (peak 19.6 GB)|busy:        warm-build (running 1h 8m 25s)|busy:        delta (running 1h 4m 41s)
21:43:51 | rss_kb= | Index:   building|Memory:  10.1 GB (peak 19.6 GB)|busy:        warm-build (running 1h 8m 41s)|busy:        delta (running 1h 4m 57s)
21:44:07 | rss_kb= | Index:   building|Memory:  11.8 GB (peak 19.6 GB)|busy:        warm-build (running 1h 8m 57s)|busy:        delta (running 1h 5m 12s)
21:44:23 | rss_kb= | Index:   building|Memory:  12.0 GB (peak 19.6 GB)|busy:        warm-build (running 1h 9m 12s)|busy:        delta (running 1h 5m 28s)
21:44:38 | rss_kb= | Index:   building|Memory:  11.6 GB (peak 19.6 GB)|busy:        warm-build (running 1h 9m 27s)|busy:        delta (running 1h 5m 43s)
21:44:53 | rss_kb= | Index:   building|Memory:  11.1 GB (peak 19.6 GB)|busy:        warm-build (running 1h 9m 44s)|busy:        delta (running 1h 5m 59s)
21:45:09 | rss_kb= | Index:   building|Memory:  11.6 GB (peak 19.6 GB)|busy:        warm-build (running 1h 9m 59s)|busy:        delta (running 1h 6m 14s)
21:45:25 | rss_kb= | Index:   building|Memory:  11.3 GB (peak 19.6 GB)|busy:        warm-build (running 1h 10m 14s)|busy:        delta (running 1h 6m 30s)
21:45:40 | rss_kb= | Index:   building|Memory:  11.5 GB (peak 19.6 GB)|busy:        warm-build (running 1h 10m 29s)|busy:        delta (running 1h 6m 45s)
21:45:55 | rss_kb= | Index:   building|Memory:  11.7 GB (peak 19.6 GB)|busy:        warm-build (running 1h 10m 46s)|busy:        delta (running 1h 7m 2s)
21:46:12 | rss_kb= | Index:   building|Memory:  11.8 GB (peak 19.6 GB)|busy:        warm-build (running 1h 11m 1s)|busy:        delta (running 1h 7m 17s)
21:46:27 | rss_kb= | Index:   building|Memory:  11.9 GB (peak 19.6 GB)|busy:        warm-build (running 1h 11m 16s)|busy:        delta (running 1h 7m 32s)
21:46:42 | rss_kb= | Index:   building|Memory:  12.2 GB (peak 19.6 GB)|busy:        warm-build (running 1h 11m 31s)|busy:        delta (running 1h 7m 47s)
21:46:57 | rss_kb= | Index:   building|Memory:  10.0 GB (peak 19.6 GB)|busy:        warm-build (running 1h 11m 48s)|busy:        delta (running 1h 8m 4s)
21:47:14 | rss_kb= | Index:   building|Memory:  11.6 GB (peak 19.6 GB)|busy:        warm-build (running 1h 12m 3s)|busy:        delta (running 1h 8m 19s)
21:47:29 | rss_kb= | Index:   building|Memory:  11.7 GB (peak 19.6 GB)|busy:        warm-build (running 1h 12m 18s)|busy:        delta (running 1h 8m 34s)
21:47:44 | rss_kb= | Index:   building|Memory:  11.6 GB (peak 19.6 GB)|busy:        warm-build (running 1h 12m 33s)|busy:        delta (running 1h 8m 49s)
21:47:59 | rss_kb= | Index:   building|Memory:  11.2 GB (peak 19.6 GB)|busy:        warm-build (running 1h 12m 50s)|busy:        delta (running 1h 9m 6s)
21:48:16 | rss_kb= | Index:   building|Memory:  11.4 GB (peak 19.6 GB)|busy:        warm-build (running 1h 13m 5s)|busy:        delta (running 1h 9m 21s)
21:48:31 | rss_kb= | Index:   building|Memory:  11.2 GB (peak 19.6 GB)|busy:        warm-build (running 1h 13m 20s)|busy:        delta (running 1h 9m 36s)
21:48:46 | rss_kb= | Index:   building|Memory:  11.6 GB (peak 19.6 GB)|busy:        warm-build (running 1h 13m 35s)|busy:        delta (running 1h 9m 51s)
21:49:01 | rss_kb= | Index:   building|Memory:  11.0 GB (peak 19.6 GB)|busy:        warm-build (running 1h 13m 52s)|busy:        delta (running 1h 10m 8s)
21:49:18 | rss_kb= | Index:   building|Memory:  11.6 GB (peak 19.6 GB)|busy:        warm-build (running 1h 14m 7s)|busy:        delta (running 1h 10m 23s)
21:49:33 | rss_kb= | Index:   building|Memory:  11.6 GB (peak 19.6 GB)|busy:        warm-build (running 1h 14m 22s)|busy:        delta (running 1h 10m 38s)
21:49:48 | rss_kb= | Index:   building|Memory:  10.5 GB (peak 19.6 GB)|busy:        warm-build (running 1h 14m 38s)|busy:        delta (running 1h 10m 53s)
21:50:03 | rss_kb= | Index:   building|Memory:  11.2 GB (peak 19.6 GB)|busy:        warm-build (running 1h 14m 54s)|busy:        delta (running 1h 11m 10s)
21:50:20 | rss_kb= | Index:   building|Memory:  11.7 GB (peak 19.6 GB)|busy:        warm-build (running 1h 15m 9s)|busy:        delta (running 1h 11m 25s)
21:50:35 | rss_kb= | Index:   building|Memory:  11.6 GB (peak 19.6 GB)|busy:        warm-build (running 1h 15m 25s)|busy:        delta (running 1h 11m 40s)
21:50:50 | rss_kb= | Index:   building|Memory:  10.5 GB (peak 19.6 GB)|busy:        warm-build (running 1h 15m 40s)|busy:        delta (running 1h 11m 55s)
21:51:06 | rss_kb= | Index:   building|Memory:  10.7 GB (peak 19.6 GB)|busy:        warm-build (running 1h 15m 56s)|busy:        delta (running 1h 12m 12s)
21:51:22 | rss_kb= | Index:   building|Memory:  11.9 GB (peak 19.6 GB)|busy:        warm-build (running 1h 16m 11s)|busy:        delta (running 1h 12m 27s)
21:51:37 | rss_kb= | Index:   building|Memory:  11.7 GB (peak 19.6 GB)|busy:        warm-build (running 1h 16m 27s)|busy:        delta (running 1h 12m 42s)
21:51:52 | rss_kb= | Index:   building|Memory:  11.7 GB (peak 19.6 GB)|busy:        warm-build (running 1h 16m 42s)|busy:        delta (running 1h 12m 58s)
21:52:08 | rss_kb= | Index:   building|Memory:  11.3 GB (peak 19.6 GB)|busy:        warm-build (running 1h 16m 59s)|busy:        delta (running 1h 13m 14s)
21:52:24 | rss_kb= | Index:   building|Memory:  11.7 GB (peak 19.6 GB)|busy:        warm-build (running 1h 17m 14s)|busy:        delta (running 1h 13m 30s)
21:52:40 | rss_kb= | Index:   building|Memory:  11.4 GB (peak 19.6 GB)|busy:        warm-build (running 1h 17m 29s)|busy:        delta (running 1h 13m 45s)
21:52:55 | rss_kb= | Index:   building|Memory:  10.9 GB (peak 19.6 GB)|busy:        warm-build (running 1h 17m 44s)|busy:        delta (running 1h 14m 0s)
21:53:10 | rss_kb= | Index:   building|Memory:  10.4 GB (peak 19.6 GB)|busy:        warm-build (running 1h 18m 1s)|busy:        delta (running 1h 14m 17s)
21:53:27 | rss_kb= | Index:   building|Memory:  11.6 GB (peak 19.6 GB)|busy:        warm-build (running 1h 18m 16s)|busy:        delta (running 1h 14m 32s)
21:53:42 | rss_kb= | Index:   building|Memory:  11.2 GB (peak 19.6 GB)|busy:        warm-build (running 1h 18m 31s)|busy:        delta (running 1h 14m 47s)
21:53:57 | rss_kb= | Index:   building|Memory:  11.7 GB (peak 19.6 GB)|busy:        warm-build (running 1h 18m 46s)|busy:        delta (running 1h 15m 2s)
21:54:12 | rss_kb= | Index:   building|Memory:  11.4 GB (peak 19.6 GB)|busy:        warm-build (running 1h 19m 3s)|busy:        delta (running 1h 15m 19s)
21:54:29 | rss_kb= | Index:   building|Memory:  11.6 GB (peak 19.6 GB)|busy:        warm-build (running 1h 19m 18s)|busy:        delta (running 1h 15m 34s)
21:54:44 | rss_kb= | Index:   building|Memory:  11.6 GB (peak 19.6 GB)|busy:        warm-build (running 1h 19m 33s)|busy:        delta (running 1h 15m 49s)
21:54:59 | rss_kb= | Index:   building|Memory:  11.6 GB (peak 19.6 GB)|busy:        warm-build (running 1h 19m 48s)|busy:        delta (running 1h 16m 4s)
21:55:14 | rss_kb= | Index:   building|Memory:  9.8 GB (peak 19.6 GB)|busy:        warm-build (running 1h 20m 5s)|busy:        delta (running 1h 16m 21s)
21:55:31 | rss_kb= | Index:   building|Memory:  11.6 GB (peak 19.6 GB)|busy:        warm-build (running 1h 20m 20s)|busy:        delta (running 1h 16m 36s)
21:55:46 | rss_kb= | Index:   building|Memory:  11.7 GB (peak 19.6 GB)|busy:        warm-build (running 1h 20m 35s)|busy:        delta (running 1h 16m 51s)
21:56:01 | rss_kb= | Index:   building|Memory:  11.6 GB (peak 19.6 GB)|busy:        warm-build (running 1h 20m 50s)|busy:        delta (running 1h 17m 6s)
21:56:16 | rss_kb= | Index:   building|Memory:  11.6 GB (peak 19.6 GB)|busy:        warm-build (running 1h 21m 7s)|busy:        delta (running 1h 17m 23s)
21:56:33 | rss_kb= | Index:   building|Memory:  11.4 GB (peak 19.6 GB)|busy:        warm-build (running 1h 21m 23s)|busy:        delta (running 1h 17m 38s)
21:56:48 | rss_kb= | Index:   building|Memory:  11.1 GB (peak 19.6 GB)|busy:        warm-build (running 1h 21m 38s)|busy:        delta (running 1h 17m 54s)
21:57:04 | rss_kb= | Index:   building|Memory:  10.7 GB (peak 19.6 GB)|busy:        warm-build (running 1h 21m 53s)|busy:        delta (running 1h 18m 9s)
21:57:19 | rss_kb= | Index:   building|Memory:  10.3 GB (peak 19.6 GB)|busy:        warm-build (running 1h 22m 9s)|busy:        delta (running 1h 18m 25s)
21:57:35 | rss_kb= | Index:   building|Memory:  11.6 GB (peak 19.6 GB)|busy:        warm-build (running 1h 22m 25s)|busy:        delta (running 1h 18m 40s)
21:57:51 | rss_kb= | Index:   building|Memory:  11.7 GB (peak 19.6 GB)|busy:        warm-build (running 1h 22m 40s)|busy:        delta (running 1h 18m 56s)
21:58:06 | rss_kb= | Index:   building|Memory:  11.1 GB (peak 19.6 GB)|busy:        warm-build (running 1h 22m 55s)|busy:        delta (running 1h 19m 11s)
21:58:21 | rss_kb= | Index:   building|Memory:  11.0 GB (peak 19.6 GB)|busy:        warm-build (running 1h 23m 12s)|busy:        delta (running 1h 19m 27s)
21:58:38 | rss_kb= | Index:   building|Memory:  11.6 GB (peak 19.6 GB)|busy:        warm-build (running 1h 23m 27s)|busy:        delta (running 1h 19m 43s)
21:58:53 | rss_kb= | Index:   building|Memory:  11.7 GB (peak 19.6 GB)|busy:        warm-build (running 1h 23m 42s)|busy:        delta (running 1h 19m 58s)
21:59:08 | rss_kb= | Index:   building|Memory:  11.6 GB (peak 19.6 GB)|busy:        warm-build (running 1h 23m 57s)|busy:        delta (running 1h 20m 13s)
21:59:23 | rss_kb= | Index:   building|Memory:  10.6 GB (peak 19.6 GB)|busy:        warm-build (running 1h 24m 14s)|busy:        delta (running 1h 20m 30s)
21:59:40 | rss_kb= | Index:   building|Memory:  11.7 GB (peak 19.6 GB)|busy:        warm-build (running 1h 24m 29s)|busy:        delta (running 1h 20m 45s)
21:59:55 | rss_kb= | Index:   building|Memory:  11.7 GB (peak 19.6 GB)|busy:        warm-build (running 1h 24m 44s)|busy:        delta (running 1h 21m 0s)
22:00:10 | rss_kb= | Index:   building|Memory:  11.8 GB (peak 19.6 GB)|busy:        warm-build (running 1h 24m 59s)|busy:        delta (running 1h 21m 15s)
22:00:25 | rss_kb= | Index:   building|Memory:  11.8 GB (peak 19.6 GB)|busy:        warm-build (running 1h 25m 16s)|busy:        delta (running 1h 21m 32s)
22:00:42 | rss_kb= | Index:   building|Memory:  11.6 GB (peak 19.6 GB)|busy:        warm-build (running 1h 25m 31s)|busy:        delta (running 1h 21m 47s)
22:00:57 | rss_kb= | Index:   building|Memory:  11.7 GB (peak 19.6 GB)|busy:        warm-build (running 1h 25m 46s)|busy:        delta (running 1h 22m 2s)
22:01:12 | rss_kb= | Index:   building|Memory:  11.5 GB (peak 19.6 GB)|busy:        warm-build (running 1h 26m 1s)|busy:        delta (running 1h 22m 17s)
22:01:27 | rss_kb= | Index:   building|Memory:  10.1 GB (peak 19.6 GB)|busy:        warm-build (running 1h 26m 18s)|busy:        delta (running 1h 22m 34s)
22:01:44 | rss_kb= | Index:   building|Memory:  11.7 GB (peak 19.6 GB)|busy:        warm-build (running 1h 26m 33s)|busy:        delta (running 1h 22m 49s)
22:01:59 | rss_kb= | Index:   building|Memory:  11.3 GB (peak 19.6 GB)|busy:        warm-build (running 1h 26m 48s)|busy:        delta (running 1h 23m 4s)
22:02:14 | rss_kb= | Index:   building|Memory:  11.7 GB (peak 19.6 GB)|busy:        warm-build (running 1h 27m 4s)|busy:        delta (running 1h 23m 19s)
22:02:29 | rss_kb= | Index:   building|Memory:  11.0 GB (peak 19.6 GB)|busy:        warm-build (running 1h 27m 20s)|busy:        delta (running 1h 23m 36s)
22:02:46 | rss_kb= | Index:   building|Memory:  11.6 GB (peak 19.6 GB)|busy:        warm-build (running 1h 27m 36s)|busy:        delta (running 1h 23m 51s)
22:03:01 | rss_kb= | Index:   building|Memory:  11.6 GB (peak 19.6 GB)|busy:        warm-build (running 1h 27m 51s)|busy:        delta (running 1h 24m 6s)
22:03:17 | rss_kb= | Index:   building|Memory:  11.7 GB (peak 19.6 GB)|busy:        warm-build (running 1h 28m 6s)|busy:        delta (running 1h 24m 22s)
22:03:32 | rss_kb= | Index:   building|Memory:  10.4 GB (peak 19.6 GB)|busy:        warm-build (running 1h 28m 21s)|busy:        delta (running 1h 24m 37s)
22:03:49 | rss_kb= | Index:   building|Memory:  11.7 GB (peak 19.6 GB)|busy:        warm-build (running 1h 28m 38s)|busy:        delta (running 1h 24m 54s)
22:04:04 | rss_kb= | Index:   building|Memory:  11.7 GB (peak 19.6 GB)|busy:        warm-build (running 1h 28m 53s)|busy:        delta (running 1h 25m 9s)
22:04:19 | rss_kb= | Index:   building|Memory:  11.7 GB (peak 19.6 GB)|busy:        warm-build (running 1h 29m 8s)|busy:        delta (running 1h 25m 24s)
22:04:34 | rss_kb= | Index:   building|Memory:  10.8 GB (peak 19.6 GB)|busy:        warm-build (running 1h 29m 25s)|busy:        delta (running 1h 25m 41s)
22:04:51 | rss_kb= | Index:   building|Memory:  11.6 GB (peak 19.6 GB)|busy:        warm-build (running 1h 29m 40s)|busy:        delta (running 1h 25m 56s)
22:05:06 | rss_kb= | Index:   building|Memory:  11.5 GB (peak 19.6 GB)|busy:        warm-build (running 1h 29m 55s)|busy:        delta (running 1h 26m 11s)
22:05:21 | rss_kb= | Index:   building|Memory:  11.6 GB (peak 19.6 GB)|busy:        warm-build (running 1h 30m 10s)|busy:        delta (running 1h 26m 26s)
22:05:36 | rss_kb= | Index:   building|Memory:  10.6 GB (peak 19.6 GB)|busy:        warm-build (running 1h 30m 27s)|busy:        delta (running 1h 26m 43s)
22:05:53 | rss_kb= | Index:   building|Memory:  11.7 GB (peak 19.6 GB)|busy:        warm-build (running 1h 30m 42s)|busy:        delta (running 1h 26m 58s)
22:06:08 | rss_kb= | Index:   building|Memory:  11.6 GB (peak 19.6 GB)|busy:        warm-build (running 1h 30m 57s)|busy:        delta (running 1h 27m 13s)
22:06:23 | rss_kb= | Index:   building|Memory:  11.7 GB (peak 19.6 GB)|busy:        warm-build (running 1h 31m 13s)|busy:        delta (running 1h 27m 28s)
22:06:38 | rss_kb= | Index:   building|Memory:  10.8 GB (peak 19.6 GB)|busy:        warm-build (running 1h 31m 29s)|busy:        delta (running 1h 27m 45s)
22:06:55 | rss_kb= | Index:   building|Memory:  11.6 GB (peak 19.6 GB)|busy:        warm-build (running 1h 31m 44s)|busy:        delta (running 1h 28m 0s)
22:07:10 | rss_kb= | Index:   building|Memory:  11.6 GB (peak 19.6 GB)|busy:        warm-build (running 1h 32m 0s)|busy:        delta (running 1h 28m 15s)
22:07:25 | rss_kb= | Index:   building|Memory:  11.7 GB (peak 19.6 GB)|busy:        warm-build (running 1h 32m 15s)|busy:        delta (running 1h 28m 31s)
22:07:41 | rss_kb= | Index:   building|Memory:  10.0 GB (peak 19.6 GB)|busy:        warm-build (running 1h 32m 31s)|busy:        delta (running 1h 28m 47s)
22:07:57 | rss_kb= | Index:   building|Memory:  11.7 GB (peak 19.6 GB)|busy:        warm-build (running 1h 32m 47s)|busy:        delta (running 1h 29m 2s)
22:08:12 | rss_kb= | Index:   building|Memory:  11.6 GB (peak 19.6 GB)|busy:        warm-build (running 1h 33m 2s)|busy:        delta (running 1h 29m 18s)
22:08:28 | rss_kb= | Index:   building|Memory:  12.0 GB (peak 19.6 GB)|busy:        warm-build (running 1h 33m 17s)|busy:        delta (running 1h 29m 33s)
22:08:43 | rss_kb= | Index:   building|Memory:  11.1 GB (peak 19.6 GB)|busy:        warm-build (running 1h 33m 34s)|busy:        delta (running 1h 29m 49s)
22:08:59 | rss_kb= | Index:   building|Memory:  11.7 GB (peak 19.6 GB)|busy:        warm-build (running 1h 33m 49s)|busy:        delta (running 1h 30m 5s)
22:09:15 | rss_kb= | Index:   building|Memory:  11.7 GB (peak 19.6 GB)|busy:        warm-build (running 1h 34m 4s)|busy:        delta (running 1h 30m 20s)
22:09:30 | rss_kb= | Index:   building|Memory:  11.6 GB (peak 19.6 GB)|busy:        warm-build (running 1h 34m 19s)|busy:        delta (running 1h 30m 35s)
22:09:45 | rss_kb= | Index:   building|Memory:  11.1 GB (peak 19.6 GB)|busy:        warm-build (running 1h 34m 36s)|busy:        delta (running 1h 30m 52s)
22:10:02 | rss_kb= | Index:   building|Memory:  11.7 GB (peak 19.6 GB)|busy:        warm-build (running 1h 34m 51s)|busy:        delta (running 1h 31m 7s)
22:10:17 | rss_kb= | Index:   building|Memory:  11.7 GB (peak 19.6 GB)|busy:        warm-build (running 1h 35m 6s)|busy:        delta (running 1h 31m 22s)
22:10:32 | rss_kb= | Index:   building|Memory:  11.6 GB (peak 19.6 GB)|busy:        warm-build (running 1h 35m 21s)|busy:        delta (running 1h 31m 37s)
22:10:47 | rss_kb= | Index:   building|Memory:  10.0 GB (peak 19.6 GB)|busy:        warm-build (running 1h 35m 38s)|busy:        delta (running 1h 31m 54s)
22:11:04 | rss_kb= | Index:   building|Memory:  10.1 GB (peak 19.6 GB)|busy:        warm-build (running 1h 35m 53s)|busy:        delta (running 1h 32m 9s)
22:11:19 | rss_kb= | Index:   building|Memory:  11.2 GB (peak 19.6 GB)|busy:        warm-build (running 1h 36m 8s)|busy:        delta (running 1h 32m 24s)
22:11:34 | rss_kb= | Index:   building|Memory:  11.8 GB (peak 19.6 GB)|busy:        warm-build (running 1h 36m 24s)|busy:        delta (running 1h 32m 39s)
22:11:49 | rss_kb= | Index:   building|Memory:  11.9 GB (peak 19.6 GB)|busy:        warm-build (running 1h 36m 40s)|busy:        delta (running 1h 32m 56s)
22:12:06 | rss_kb= | Index:   building|Memory:  11.9 GB (peak 19.6 GB)|busy:        warm-build (running 1h 36m 55s)|busy:        delta (running 1h 33m 11s)
22:12:21 | rss_kb= | Index:   building|Memory:  12.0 GB (peak 19.6 GB)|busy:        warm-build (running 1h 37m 11s)|busy:        delta (running 1h 33m 26s)
22:12:36 | rss_kb= | Index:   building|Memory:  11.4 GB (peak 19.6 GB)|busy:        warm-build (running 1h 37m 26s)|busy:        delta (running 1h 33m 42s)
22:12:52 | rss_kb= | Index:   building|Memory:  11.3 GB (peak 19.6 GB)|busy:        warm-build (running 1h 37m 42s)|busy:        delta (running 1h 33m 58s)
22:13:08 | rss_kb= | Index:   building|Memory:  11.9 GB (peak 19.6 GB)|busy:        warm-build (running 1h 37m 58s)|busy:        delta (running 1h 34m 14s)
22:13:24 | rss_kb= | Index:   building|Memory:  12.4 GB (peak 19.6 GB)|busy:        warm-build (running 1h 38m 13s)|busy:        delta (running 1h 34m 29s)
22:13:39 | rss_kb= | Index:   building|Memory:  11.9 GB (peak 19.6 GB)|busy:        warm-build (running 1h 38m 28s)|busy:        delta (running 1h 34m 44s)
22:13:54 | rss_kb= | Index:   building|Memory:  11.1 GB (peak 19.6 GB)|busy:        warm-build (running 1h 38m 45s)|busy:        delta (running 1h 35m 0s)
22:14:10 | rss_kb= | Index:   building|Memory:  11.9 GB (peak 19.6 GB)|busy:        warm-build (running 1h 39m 0s)|busy:        delta (running 1h 35m 16s)
22:14:26 | rss_kb= | Index:   building|Memory:  11.6 GB (peak 19.6 GB)|busy:        warm-build (running 1h 39m 15s)|busy:        delta (running 1h 35m 31s)
22:14:41 | rss_kb= | Index:   building|Memory:  10.8 GB (peak 19.6 GB)|busy:        warm-build (running 1h 39m 30s)|busy:        delta (running 1h 35m 46s)
22:14:56 | rss_kb= | Index:   building|Memory:  10.5 GB (peak 19.6 GB)|busy:        warm-build (running 1h 39m 47s)|busy:        delta (running 1h 36m 3s)
22:15:13 | rss_kb= | Index:   building|Memory:  9.9 GB (peak 19.6 GB)|busy:        warm-build (running 1h 40m 2s)|busy:        delta (running 1h 36m 18s)
22:15:28 | rss_kb= | Index:   building|Memory:  10.1 GB (peak 19.6 GB)|busy:        warm-build (running 1h 40m 17s)|busy:        delta (running 1h 36m 33s)
22:15:43 | rss_kb= | Index:   building|Memory:  10.9 GB (peak 19.6 GB)|busy:        warm-build (running 1h 40m 32s)|busy:        delta (running 1h 36m 48s)
22:15:58 | rss_kb= | Index:   building|Memory:  11.5 GB (peak 19.6 GB)|busy:        warm-build (running 1h 40m 49s)|busy:        delta (running 1h 37m 5s)
22:16:15 | rss_kb= | Index:   building|Memory:  11.1 GB (peak 19.6 GB)|busy:        warm-build (running 1h 41m 4s)|busy:        delta (running 1h 37m 20s)
22:16:30 | rss_kb= | Index:   building|Memory:  11.6 GB (peak 19.6 GB)|busy:        warm-build (running 1h 41m 19s)|busy:        delta (running 1h 37m 35s)
22:16:45 | rss_kb= | Index:   building|Memory:  10.8 GB (peak 19.6 GB)|busy:        warm-build (running 1h 41m 34s)|busy:        delta (running 1h 37m 50s)
22:17:00 | rss_kb= | Index:   building|Memory:  10.2 GB (peak 19.6 GB)|busy:        warm-build (running 1h 41m 51s)|busy:        delta (running 1h 38m 7s)
22:17:17 | rss_kb= | Index:   building|Memory:  11.6 GB (peak 19.6 GB)|busy:        warm-build (running 1h 42m 6s)|busy:        delta (running 1h 38m 22s)
22:17:32 | rss_kb= | Index:   building|Memory:  11.7 GB (peak 19.6 GB)|busy:        warm-build (running 1h 42m 21s)|busy:        delta (running 1h 38m 37s)
22:17:47 | rss_kb= | Index:   building|Memory:  11.4 GB (peak 19.6 GB)|busy:        warm-build (running 1h 42m 36s)|busy:        delta (running 1h 38m 52s)
22:18:02 | rss_kb= | Index:   building|Memory:  11.4 GB (peak 19.6 GB)|busy:        warm-build (running 1h 42m 53s)|busy:        delta (running 1h 39m 9s)
22:18:19 | rss_kb= | Index:   building|Memory:  11.6 GB (peak 19.6 GB)|busy:        warm-build (running 1h 43m 8s)|busy:        delta (running 1h 39m 24s)
22:18:34 | rss_kb= | Index:   building|Memory:  11.6 GB (peak 19.6 GB)|busy:        warm-build (running 1h 43m 23s)|busy:        delta (running 1h 39m 39s)
22:18:49 | rss_kb= | Index:   building|Memory:  10.8 GB (peak 19.6 GB)|busy:        warm-build (running 1h 43m 39s)|busy:        delta (running 1h 39m 54s)
22:19:05 | rss_kb= | Index:   building|Memory:  9.7 GB (peak 19.6 GB)|busy:        warm-build (running 1h 43m 55s)|busy:        delta (running 1h 40m 11s)
22:19:21 | rss_kb= | Index:   building|Memory:  11.6 GB (peak 19.6 GB)|busy:        warm-build (running 1h 44m 10s)|busy:        delta (running 1h 40m 26s)
22:19:36 | rss_kb= | Index:   building|Memory:  11.6 GB (peak 19.6 GB)|busy:        warm-build (running 1h 44m 26s)|busy:        delta (running 1h 40m 41s)
22:19:51 | rss_kb= | Index:   building|Memory:  11.7 GB (peak 19.6 GB)|busy:        warm-build (running 1h 44m 41s)|busy:        delta (running 1h 40m 57s)
22:20:07 | rss_kb= | Index:   building|Memory:  10.5 GB (peak 19.6 GB)|busy:        warm-build (running 1h 44m 57s)|busy:        delta (running 1h 41m 13s)
22:20:23 | rss_kb= | Index:   building|Memory:  11.7 GB (peak 19.6 GB)|busy:        warm-build (running 1h 45m 13s)|busy:        delta (running 1h 41m 28s)
22:20:38 | rss_kb= | Index:   building|Memory:  10.1 GB (peak 19.6 GB)|busy:        warm-build (running 1h 45m 28s)|busy:        delta (running 1h 41m 44s)
22:20:54 | rss_kb= | Index:   building|Memory:  9.8 GB (peak 19.6 GB)|busy:        warm-build (running 1h 45m 43s)|busy:        delta (running 1h 41m 59s)
22:21:09 | rss_kb= | Index:   building|Memory:  9.6 GB (peak 19.6 GB)|busy:        warm-build (running 1h 45m 58s)|busy:        delta (running 1h 42m 14s)
22:21:26 | rss_kb= | Index:   building|Memory:  11.6 GB (peak 19.6 GB)|busy:        warm-build (running 1h 46m 15s)|busy:        delta (running 1h 42m 31s)
22:21:41 | rss_kb= | Index:   building|Memory:  10.8 GB (peak 19.6 GB)|busy:        warm-build (running 1h 46m 30s)|busy:        delta (running 1h 42m 46s)
22:21:56 | rss_kb= | Index:   building|Memory:  11.1 GB (peak 19.6 GB)|busy:        warm-build (running 1h 46m 45s)|busy:        delta (running 1h 43m 1s)
22:22:11 | rss_kb= | Index:   building|Memory:  10.6 GB (peak 19.6 GB)|busy:        warm-build (running 1h 47m 2s)|busy:        delta (running 1h 43m 18s)
22:22:28 | rss_kb= | Index:   building|Memory:  10.5 GB (peak 19.6 GB)|busy:        warm-build (running 1h 47m 17s)|busy:        delta (running 1h 43m 33s)
22:22:43 | rss_kb= | Index:   building|Memory:  10.3 GB (peak 19.6 GB)|busy:        warm-build (running 1h 47m 33s)|busy:        delta (running 1h 43m 48s)
22:22:58 | rss_kb= | Index:   building|Memory:  10.8 GB (peak 19.6 GB)|busy:        warm-build (running 1h 47m 48s)|busy:        delta (running 1h 44m 3s)
22:23:14 | rss_kb= | Index:   building|Memory:  10.9 GB (peak 19.6 GB)|busy:        warm-build (running 1h 48m 4s)|busy:        delta (running 1h 44m 20s)
22:23:30 | rss_kb= | Index:   building|Memory:  11.1 GB (peak 19.6 GB)|busy:        warm-build (running 1h 48m 20s)|busy:        delta (running 1h 44m 35s)
22:23:45 | rss_kb= | Index:   building|Memory:  11.6 GB (peak 19.6 GB)|busy:        warm-build (running 1h 48m 35s)|busy:        delta (running 1h 44m 51s)
22:24:01 | rss_kb= | Index:   building|Memory:  11.4 GB (peak 19.6 GB)|busy:        warm-build (running 1h 48m 50s)|busy:        delta (running 1h 45m 6s)
22:24:16 | rss_kb= | Index:   building|Memory:  11.1 GB (peak 19.6 GB)|busy:        warm-build (running 1h 49m 7s)|busy:        delta (running 1h 45m 22s)
22:24:32 | rss_kb= | Index:   building|Memory:  11.2 GB (peak 19.6 GB)|busy:        warm-build (running 1h 49m 22s)|busy:        delta (running 1h 45m 38s)
22:24:48 | rss_kb= | Index:   building|Memory:  11.1 GB (peak 19.6 GB)|busy:        warm-build (running 1h 49m 37s)|busy:        delta (running 1h 45m 53s)
22:25:03 | rss_kb= | Index:   building|Memory:  11.6 GB (peak 19.6 GB)|busy:        warm-build (running 1h 49m 52s)|busy:        delta (running 1h 46m 8s)
22:25:18 | rss_kb= | Index:   building|Memory:  11.3 GB (peak 19.6 GB)|busy:        warm-build (running 1h 50m 9s)|busy:        delta (running 1h 46m 25s)
22:25:35 | rss_kb= | Index:   building|Memory:  11.6 GB (peak 19.6 GB)|busy:        warm-build (running 1h 50m 24s)|busy:        delta (running 1h 46m 40s)
22:25:50 | rss_kb= | Index:   building|Memory:  11.6 GB (peak 19.6 GB)|busy:        warm-build (running 1h 50m 39s)|busy:        delta (running 1h 46m 55s)
22:26:05 | rss_kb= | Index:   building|Memory:  11.8 GB (peak 19.6 GB)|busy:        warm-build (running 1h 50m 54s)|busy:        delta (running 1h 47m 10s)
22:26:20 | rss_kb= | Index:   building|Memory:  10.7 GB (peak 19.6 GB)|busy:        warm-build (running 1h 51m 11s)|busy:        delta (running 1h 47m 27s)
22:26:37 | rss_kb= | Index:   building|Memory:  11.0 GB (peak 19.6 GB)|busy:        warm-build (running 1h 51m 26s)|busy:        delta (running 1h 47m 42s)
22:26:52 | rss_kb= | Index:   building|Memory:  11.2 GB (peak 19.6 GB)|busy:        warm-build (running 1h 51m 41s)|busy:        delta (running 1h 47m 57s)
22:27:07 | rss_kb= | Index:   building|Memory:  11.6 GB (peak 19.6 GB)|busy:        warm-build (running 1h 51m 56s)|busy:        delta (running 1h 48m 12s)
22:27:22 | rss_kb= | Index:   building|Memory:  10.8 GB (peak 19.6 GB)|busy:        warm-build (running 1h 52m 13s)|busy:        delta (running 1h 48m 29s)
22:27:39 | rss_kb= | Index:   building|Memory:  10.9 GB (peak 19.6 GB)|busy:        warm-build (running 1h 52m 28s)|busy:        delta (running 1h 48m 44s)
22:27:54 | rss_kb= | Index:   building|Memory:  11.6 GB (peak 19.6 GB)|busy:        warm-build (running 1h 52m 43s)|busy:        delta (running 1h 48m 59s)
22:28:09 | rss_kb= | Index:   building|Memory:  11.0 GB (peak 19.6 GB)|busy:        warm-build (running 1h 52m 58s)|busy:        delta (running 1h 49m 14s)
22:28:24 | rss_kb= | Index:   building|Memory:  10.6 GB (peak 19.6 GB)|busy:        warm-build (running 1h 53m 15s)|busy:        delta (running 1h 49m 31s)
22:28:41 | rss_kb= | Index:   building|Memory:  10.3 GB (peak 19.6 GB)|busy:        warm-build (running 1h 53m 30s)|busy:        delta (running 1h 49m 46s)
22:28:56 | rss_kb= | Index:   building|Memory:  10.4 GB (peak 19.6 GB)|busy:        warm-build (running 1h 53m 45s)|busy:        delta (running 1h 50m 1s)
22:29:11 | rss_kb= | Index:   building|Memory:  10.8 GB (peak 19.6 GB)|busy:        warm-build (running 1h 54m 1s)|busy:        delta (running 1h 50m 16s)
22:29:26 | rss_kb= | Index:   building|Memory:  10.8 GB (peak 19.6 GB)|busy:        warm-build (running 1h 54m 17s)|busy:        delta (running 1h 50m 33s)
22:29:43 | rss_kb= | Index:   building|Memory:  11.6 GB (peak 19.6 GB)|busy:        warm-build (running 1h 54m 33s)|busy:        delta (running 1h 50m 48s)
22:29:58 | rss_kb= | Index:   building|Memory:  11.7 GB (peak 19.6 GB)|busy:        warm-build (running 1h 54m 48s)|busy:        delta (running 1h 51m 4s)
22:30:14 | rss_kb= | Index:   building|Memory:  11.0 GB (peak 19.6 GB)|busy:        warm-build (running 1h 55m 3s)|busy:        delta (running 1h 51m 19s)
22:30:29 | rss_kb= | Index:   building|Memory:  10.7 GB (peak 19.6 GB)|busy:        warm-build (running 1h 55m 20s)|busy:        delta (running 1h 51m 36s)
22:30:46 | rss_kb= | Index:   building|Memory:  11.2 GB (peak 19.6 GB)|busy:        warm-build (running 1h 55m 35s)|busy:        delta (running 1h 51m 51s)
22:31:01 | rss_kb= | Index:   building|Memory:  10.5 GB (peak 19.6 GB)|busy:        warm-build (running 1h 55m 50s)|busy:        delta (running 1h 52m 6s)
22:31:16 | rss_kb= | Index:   building|Memory:  11.6 GB (peak 19.6 GB)|busy:        warm-build (running 1h 56m 5s)|busy:        delta (running 1h 52m 21s)
22:31:31 | rss_kb= | Index:   building|Memory:  9.9 GB (peak 19.6 GB)|busy:        warm-build (running 1h 56m 22s)|busy:        delta (running 1h 52m 38s)
22:31:48 | rss_kb= | Index:   building|Memory:  11.7 GB (peak 19.6 GB)|busy:        warm-build (running 1h 56m 37s)|busy:        delta (running 1h 52m 53s)
22:32:03 | rss_kb= | Index:   building|Memory:  11.7 GB (peak 19.6 GB)|busy:        warm-build (running 1h 56m 52s)|busy:        delta (running 1h 53m 8s)
22:32:18 | rss_kb= | Index:   building|Memory:  11.7 GB (peak 19.6 GB)|busy:        warm-build (running 1h 57m 7s)|busy:        delta (running 1h 53m 23s)
22:32:33 | rss_kb= | Index:   building|Memory:  10.8 GB (peak 19.6 GB)|busy:        warm-build (running 1h 57m 24s)|busy:        delta (running 1h 53m 40s)
22:32:50 | rss_kb= | Index:   building|Memory:  11.6 GB (peak 19.6 GB)|busy:        warm-build (running 1h 57m 39s)|busy:        delta (running 1h 53m 55s)
22:33:05 | rss_kb= | Index:   building|Memory:  11.6 GB (peak 19.6 GB)|busy:        warm-build (running 1h 57m 54s)|busy:        delta (running 1h 54m 10s)
22:33:20 | rss_kb= | Index:   building|Memory:  11.7 GB (peak 19.6 GB)|busy:        warm-build (running 1h 58m 10s)|busy:        delta (running 1h 54m 25s)
22:33:35 | rss_kb= | Index:   building|Memory:  10.6 GB (peak 19.6 GB)|busy:        warm-build (running 1h 58m 26s)|busy:        delta (running 1h 54m 42s)
22:33:52 | rss_kb= | Index:   building|Memory:  11.6 GB (peak 19.6 GB)|busy:        warm-build (running 1h 58m 41s)|busy:        delta (running 1h 54m 57s)
22:34:07 | rss_kb= | Index:   building|Memory:  10.2 GB (peak 19.6 GB)|busy:        warm-build (running 1h 58m 57s)|busy:        delta (running 1h 55m 12s)
22:34:22 | rss_kb= | Index:   building|Memory:  11.6 GB (peak 19.6 GB)|busy:        warm-build (running 1h 59m 12s)|busy:        delta (running 1h 55m 28s)
22:34:38 | rss_kb= | Index:   building|Memory:  10.0 GB (peak 19.6 GB)|busy:        warm-build (running 1h 59m 28s)|busy:        delta (running 1h 55m 44s)
22:34:54 | rss_kb= | Index:   building|Memory:  11.9 GB (peak 19.6 GB)|busy:        warm-build (running 1h 59m 44s)|busy:        delta (running 1h 55m 59s)
22:35:09 | rss_kb= | Index:   building|Memory:  12.0 GB (peak 19.6 GB)|busy:        warm-build (running 1h 59m 59s)|busy:        delta (running 1h 56m 15s)
22:35:25 | rss_kb= | Index:   building|Memory:  12.2 GB (peak 19.6 GB)|busy:        warm-build (running 2h 0m 14s)|busy:        delta (running 1h 56m 30s)
22:35:40 | rss_kb= | Index:   building|Memory:  12.3 GB (peak 19.6 GB)|busy:        warm-build (running 2h 0m 31s)|busy:        delta (running 1h 56m 46s)
22:35:56 | rss_kb= | Index:   building|Memory:  13.0 GB (peak 19.6 GB)|busy:        warm-build (running 2h 0m 46s)|busy:        delta (running 1h 57m 2s)
22:36:12 | rss_kb= | Index:   building|Memory:  13.1 GB (peak 19.6 GB)|busy:        warm-build (running 2h 1m 1s)|busy:        delta (running 1h 57m 17s)
22:36:27 | rss_kb= | Index:   building|Memory:  13.3 GB (peak 19.6 GB)|busy:        warm-build (running 2h 1m 16s)|busy:        delta (running 1h 57m 32s)
22:36:42 | rss_kb= | Index:   building|Memory:  13.4 GB (peak 19.6 GB)|busy:        warm-build (running 2h 1m 33s)|busy:        delta (running 1h 57m 48s)
22:36:59 | rss_kb= | Index:   building|Memory:  13.4 GB (peak 19.6 GB)|busy:        warm-build (running 2h 1m 48s)|busy:        delta (running 1h 58m 4s)
22:37:14 | rss_kb= | Index:   building|Memory:  13.4 GB (peak 19.6 GB)|busy:        warm-build (running 2h 2m 3s)|busy:        delta (running 1h 58m 19s)
22:37:29 | rss_kb= | Index:   building|Memory:  13.4 GB (peak 19.6 GB)|busy:        warm-build (running 2h 2m 18s)|busy:        delta (running 1h 58m 34s)
22:37:44 | rss_kb= | Index:   building|Memory:  13.4 GB (peak 19.6 GB)|busy:        warm-build (running 2h 2m 35s)|busy:        delta (running 1h 58m 50s)
22:38:00 | rss_kb= | Index:   building|Memory:  13.9 GB (peak 19.6 GB)|busy:        warm-build (running 2h 2m 50s)|busy:        delta (running 1h 59m 6s)
22:38:16 | rss_kb= | Index:   building|Memory:  13.9 GB (peak 19.6 GB)|busy:        warm-build (running 2h 3m 5s)|busy:        delta (running 1h 59m 21s)
22:38:31 | rss_kb= | Index:   building|Memory:  13.9 GB (peak 19.6 GB)|busy:        warm-build (running 2h 3m 20s)|busy:        delta (running 1h 59m 36s)
22:38:46 | rss_kb= | Index:   building|Memory:  13.9 GB (peak 19.6 GB)|busy:        warm-build (running 2h 3m 37s)|busy:        delta (running 1h 59m 52s)
22:39:02 | rss_kb= | Index:   building|Memory:  13.9 GB (peak 19.6 GB)|busy:        warm-build (running 2h 3m 52s)|busy:        delta (running 2h 0m 8s)
22:39:18 | rss_kb= | Index:   building|Memory:  13.9 GB (peak 19.6 GB)|busy:        warm-build (running 2h 4m 7s)|busy:        delta (running 2h 0m 23s)
22:39:33 | rss_kb= | Index:   building|Memory:  13.9 GB (peak 19.6 GB)|busy:        warm-build (running 2h 4m 22s)|busy:        delta (running 2h 0m 38s)
22:39:48 | rss_kb= | Index:   building|Memory:  14.4 GB (peak 19.6 GB)|busy:        warm-build (running 2h 4m 37s)|busy:        delta (running 2h 0m 53s)
22:40:03 | rss_kb= | Index:   building|Memory:  14.4 GB (peak 19.6 GB)|busy:        warm-build (running 2h 4m 52s)|busy:        delta (running 2h 1m 8s)
22:40:18 | rss_kb= | Index:   building|Memory:  14.4 GB (peak 19.6 GB)|busy:        warm-build (running 2h 5m 8s)|busy:        delta (running 2h 1m 23s)
22:40:34 | rss_kb= | Index:   building|Memory:  14.4 GB (peak 19.6 GB)|busy:        warm-build (running 2h 5m 23s)|busy:        delta (running 2h 1m 39s)
22:40:49 | rss_kb= | Index:   building|Memory:  14.4 GB (peak 19.6 GB)|busy:        warm-build (running 2h 5m 38s)|busy:        delta (running 2h 1m 54s)
22:41:04 | rss_kb= | Index:   building|Memory:  14.4 GB (peak 19.6 GB)|busy:        warm-build (running 2h 5m 53s)|busy:        delta (running 2h 2m 9s)
22:41:19 | rss_kb= | Index:   building|Memory:  14.4 GB (peak 19.6 GB)|busy:        warm-build (running 2h 6m 8s)|busy:        delta (running 2h 2m 24s)
22:41:34 | rss_kb= | Index:   building|Memory:  14.4 GB (peak 19.6 GB)|busy:        warm-build (running 2h 6m 24s)|busy:        delta (running 2h 2m 39s)
22:41:49 | rss_kb= | Index:   building|Memory:  15.0 GB (peak 19.6 GB)|busy:        warm-build (running 2h 6m 39s)|busy:        delta (running 2h 2m 55s)
22:42:05 | rss_kb= | Index:   building|Memory:  15.0 GB (peak 19.6 GB)|busy:        warm-build (running 2h 6m 54s)|busy:        delta (running 2h 3m 10s)
22:42:20 | rss_kb= | Index:   building|Memory:  15.0 GB (peak 19.6 GB)|busy:        warm-build (running 2h 7m 9s)|busy:        delta (running 2h 3m 25s)
22:42:35 | rss_kb= | Index:   building|Memory:  15.0 GB (peak 19.6 GB)|busy:        warm-build (running 2h 7m 24s)|busy:        delta (running 2h 3m 40s)
22:42:50 | rss_kb= | Index:   building|Memory:  15.0 GB (peak 19.6 GB)|busy:        warm-build (running 2h 7m 39s)|busy:        delta (running 2h 3m 55s)
22:43:05 | rss_kb= | Index:   building|Memory:  15.0 GB (peak 19.6 GB)|busy:        warm-build (running 2h 7m 55s)|busy:        delta (running 2h 4m 10s)
22:43:21 | rss_kb= | Index:   building|Memory:  15.0 GB (peak 19.6 GB)|busy:        warm-build (running 2h 8m 10s)|busy:        delta (running 2h 4m 26s)
22:43:36 | rss_kb= | Index:   building|Memory:  15.0 GB (peak 19.6 GB)|busy:        warm-build (running 2h 8m 25s)|busy:        delta (running 2h 4m 41s)
22:43:51 | rss_kb= | Index:   building|Memory:  15.5 GB (peak 19.6 GB)|busy:        warm-build (running 2h 8m 40s)|busy:        delta (running 2h 4m 56s)
22:44:06 | rss_kb= | Index:   building|Memory:  15.5 GB (peak 19.6 GB)|busy:        warm-build (running 2h 8m 55s)|busy:        delta (running 2h 5m 11s)
22:44:21 | rss_kb= | Index:   building|Memory:  15.5 GB (peak 19.6 GB)|busy:        warm-build (running 2h 9m 11s)|busy:        delta (running 2h 5m 26s)
22:44:36 | rss_kb= | Index:   building|Memory:  15.5 GB (peak 19.6 GB)|busy:        warm-build (running 2h 9m 26s)|busy:        delta (running 2h 5m 42s)
22:44:52 | rss_kb= | Index:   building|Memory:  15.5 GB (peak 19.6 GB)|busy:        warm-build (running 2h 9m 41s)|busy:        delta (running 2h 5m 57s)
22:45:07 | rss_kb= | Index:   building|Memory:  15.5 GB (peak 19.6 GB)|busy:        warm-build (running 2h 9m 56s)|busy:        delta (running 2h 6m 12s)
22:45:22 | rss_kb= | Index:   building|Memory:  15.5 GB (peak 19.6 GB)|busy:        warm-build (running 2h 10m 11s)|busy:        delta (running 2h 6m 27s)
22:45:37 | rss_kb= | Index:   building|Memory:  15.5 GB (peak 19.6 GB)|busy:        warm-build (running 2h 10m 27s)|busy:        delta (running 2h 6m 42s)
22:45:52 | rss_kb= | Index:   building|Memory:  16.0 GB (peak 19.6 GB)|busy:        warm-build (running 2h 10m 42s)|busy:        delta (running 2h 6m 58s)
22:46:08 | rss_kb= | Index:   building|Memory:  16.0 GB (peak 19.6 GB)|busy:        warm-build (running 2h 10m 57s)|busy:        delta (running 2h 7m 13s)
22:46:23 | rss_kb= | Index:   building|Memory:  16.0 GB (peak 19.6 GB)|busy:        warm-build (running 2h 11m 12s)|busy:        delta (running 2h 7m 28s)
22:46:38 | rss_kb= | Index:   building|Memory:  16.0 GB (peak 19.6 GB)|busy:        warm-build (running 2h 11m 27s)|busy:        delta (running 2h 7m 43s)
22:46:53 | rss_kb= | Index:   building|Memory:  16.0 GB (peak 19.6 GB)|busy:        warm-build (running 2h 11m 42s)|busy:        delta (running 2h 7m 58s)
22:47:08 | rss_kb= | Index:   building|Memory:  16.0 GB (peak 19.6 GB)|busy:        warm-build (running 2h 11m 58s)|busy:        delta (running 2h 8m 13s)
22:47:23 | rss_kb= | Index:   building|Memory:  16.0 GB (peak 19.6 GB)|busy:        warm-build (running 2h 12m 13s)|busy:        delta (running 2h 8m 29s)
22:47:39 | rss_kb= | Index:   building|Memory:  16.0 GB (peak 19.6 GB)|busy:        warm-build (running 2h 12m 28s)|busy:        delta (running 2h 8m 44s)
22:47:54 | rss_kb= | Index:   building|Memory:  16.0 GB (peak 19.6 GB)|busy:        warm-build (running 2h 12m 43s)|busy:        delta (running 2h 8m 59s)
22:48:09 | rss_kb= | Index:   building|Memory:  16.5 GB (peak 19.6 GB)|busy:        warm-build (running 2h 12m 58s)|busy:        delta (running 2h 9m 14s)
22:48:24 | rss_kb= | Index:   building|Memory:  16.5 GB (peak 19.6 GB)|busy:        warm-build (running 2h 13m 14s)|busy:        delta (running 2h 9m 29s)
22:48:39 | rss_kb= | Index:   building|Memory:  16.5 GB (peak 19.6 GB)|busy:        warm-build (running 2h 13m 29s)|busy:        delta (running 2h 9m 45s)
22:48:55 | rss_kb= | Index:   building|Memory:  16.5 GB (peak 19.6 GB)|busy:        warm-build (running 2h 13m 44s)|busy:        delta (running 2h 10m 0s)
22:49:10 | rss_kb= | Index:   building|Memory:  16.5 GB (peak 19.6 GB)|busy:        warm-build (running 2h 13m 59s)|busy:        delta (running 2h 10m 15s)
22:49:25 | rss_kb= | Index:   building|Memory:  16.5 GB (peak 19.6 GB)|busy:        warm-build (running 2h 14m 14s)|busy:        delta (running 2h 10m 30s)
22:49:40 | rss_kb= | Index:   building|Memory:  16.5 GB (peak 19.6 GB)|busy:        warm-build (running 2h 14m 29s)|busy:        delta (running 2h 10m 45s)
22:49:55 | rss_kb= | Index:   building|Memory:  16.5 GB (peak 19.6 GB)|busy:        warm-build (running 2h 14m 45s)|busy:        delta (running 2h 11m 1s)
22:50:11 | rss_kb= | Index:   building|Memory:  17.0 GB (peak 19.6 GB)|busy:        warm-build (running 2h 15m 0s)|busy:        delta (running 2h 11m 16s)
22:50:26 | rss_kb= | Index:   building|Memory:  17.0 GB (peak 19.6 GB)|busy:        warm-build (running 2h 15m 15s)|busy:        delta (running 2h 11m 31s)
22:50:41 | rss_kb= | Index:   building|Memory:  17.0 GB (peak 19.6 GB)|busy:        warm-build (running 2h 15m 30s)|busy:        delta (running 2h 11m 46s)
22:50:56 | rss_kb= | Index:   building|Memory:  17.0 GB (peak 19.6 GB)|busy:        warm-build (running 2h 15m 45s)|busy:        delta (running 2h 12m 1s)
22:51:11 | rss_kb= | Index:   building|Memory:  17.0 GB (peak 19.6 GB)|busy:        warm-build (running 2h 16m 1s)|busy:        delta (running 2h 12m 17s)
22:51:27 | rss_kb= | Index:   building|Memory:  17.0 GB (peak 19.6 GB)|busy:        warm-build (running 2h 16m 16s)|busy:        delta (running 2h 12m 32s)
22:51:42 | rss_kb= | Index:   building|Memory:  17.0 GB (peak 19.6 GB)|busy:        warm-build (running 2h 16m 31s)|busy:        delta (running 2h 12m 47s)
22:51:57 | rss_kb= | Index:   building|Memory:  17.0 GB (peak 19.6 GB)|busy:        warm-build (running 2h 16m 46s)|busy:        delta (running 2h 13m 2s)
22:52:12 | rss_kb= | Index:   building|Memory:  17.5 GB (peak 19.6 GB)|busy:        warm-build (running 2h 17m 1s)|busy:        delta (running 2h 13m 17s)
22:52:27 | rss_kb= | Index:   building|Memory:  17.5 GB (peak 19.6 GB)|busy:        warm-build (running 2h 17m 17s)|busy:        delta (running 2h 13m 32s)
22:52:43 | rss_kb= | Index:   building|Memory:  17.5 GB (peak 19.6 GB)|busy:        warm-build (running 2h 17m 32s)|busy:        delta (running 2h 13m 48s)
22:52:58 | rss_kb= | Index:   building|Memory:  17.5 GB (peak 19.6 GB)|busy:        warm-build (running 2h 17m 47s)|busy:        delta (running 2h 14m 3s)
22:53:13 | rss_kb= | Index:   building|Memory:  17.5 GB (peak 19.6 GB)|busy:        warm-build (running 2h 18m 2s)|busy:        delta (running 2h 14m 18s)
22:53:28 | rss_kb= | Index:   building|Memory:  17.5 GB (peak 19.6 GB)|busy:        warm-build (running 2h 18m 17s)|busy:        delta (running 2h 14m 33s)
22:53:43 | rss_kb= | Index:   building|Memory:  17.5 GB (peak 19.6 GB)|busy:        warm-build (running 2h 18m 33s)|busy:        delta (running 2h 14m 48s)
22:53:59 | rss_kb= | Index:   building|Memory:  17.5 GB (peak 19.6 GB)|busy:        warm-build (running 2h 18m 48s)|busy:        delta (running 2h 15m 4s)
22:54:14 | rss_kb= | Index:   building|Memory:  17.5 GB (peak 19.6 GB)|busy:        warm-build (running 2h 19m 3s)|busy:        delta (running 2h 15m 19s)
22:54:29 | rss_kb= | Index:   building|Memory:  18.0 GB (peak 19.6 GB)|busy:        warm-build (running 2h 19m 18s)|busy:        delta (running 2h 15m 34s)
22:54:44 | rss_kb= | Index:   building|Memory:  18.0 GB (peak 19.6 GB)|busy:        warm-build (running 2h 19m 34s)|busy:        delta (running 2h 15m 49s)
22:54:59 | rss_kb= | Index:   building|Memory:  18.0 GB (peak 19.6 GB)|busy:        warm-build (running 2h 19m 49s)|busy:        delta (running 2h 16m 5s)
22:55:15 | rss_kb= | Index:   building|Memory:  18.0 GB (peak 19.6 GB)|busy:        warm-build (running 2h 20m 4s)|busy:        delta (running 2h 16m 20s)
22:55:30 | rss_kb= | Index:   building|Memory:  18.0 GB (peak 19.6 GB)|busy:        warm-build (running 2h 20m 19s)|busy:        delta (running 2h 16m 35s)
22:55:45 | rss_kb= | Index:   building|Memory:  18.0 GB (peak 19.6 GB)|busy:        warm-build (running 2h 20m 34s)|busy:        delta (running 2h 16m 50s)
22:56:00 | rss_kb= | Index:   building|Memory:  18.0 GB (peak 19.6 GB)|busy:        warm-build (running 2h 20m 50s)|busy:        delta (running 2h 17m 5s)
22:56:15 | rss_kb= | Index:   building|Memory:  18.0 GB (peak 19.6 GB)|busy:        warm-build (running 2h 21m 5s)|busy:        delta (running 2h 17m 20s)
22:56:31 | rss_kb= | Index:   building|Memory:  20.0 GB (peak 20.0 GB)|busy:        warm-build (running 2h 21m 20s)|busy:        delta (running 2h 17m 36s)
22:56:46 | rss_kb= | Index:   building|Memory:  20.0 GB (peak 20.0 GB)|busy:        warm-build (running 2h 21m 36s)|busy:        delta (running 2h 17m 51s)
22:57:02 | rss_kb= | Index:   building|Memory:  20.0 GB (peak 20.0 GB)|busy:        warm-build (running 2h 21m 51s)|busy:        delta (running 2h 18m 7s)
22:57:17 | rss_kb= | Index:   building|Memory:  20.0 GB (peak 20.0 GB)|busy:        warm-build (running 2h 22m 6s)|busy:        delta (running 2h 18m 22s)
22:57:32 | rss_kb= | Index:   building|Memory:  20.0 GB (peak 20.0 GB)|busy:        warm-build (running 2h 22m 21s)|busy:        delta (running 2h 18m 37s)
22:57:47 | rss_kb= | Index:   building|Memory:  20.0 GB (peak 20.0 GB)|busy:        warm-build (running 2h 22m 36s)|busy:        delta (running 2h 18m 52s)
22:58:02 | rss_kb= | Index:   building|Memory:  20.0 GB (peak 20.0 GB)|busy:        warm-build (running 2h 22m 52s)|busy:        delta (running 2h 19m 7s)
22:58:18 | rss_kb= | Index:   building|Memory:  20.0 GB (peak 20.0 GB)|busy:        warm-build (running 2h 23m 7s)|busy:        delta (running 2h 19m 23s)
22:58:33 | rss_kb= | Index:   building|Memory:  20.0 GB (peak 20.0 GB)|busy:        warm-build (running 2h 23m 22s)|busy:        delta (running 2h 19m 38s)
22:58:48 | rss_kb= | Index:   building|Memory:  20.0 GB (peak 20.0 GB)|busy:        warm-build (running 2h 23m 38s)|busy:        delta (running 2h 19m 53s)
22:59:04 | rss_kb= | Index:   building|Memory:  20.0 GB (peak 20.0 GB)|busy:        warm-build (running 2h 23m 53s)|busy:        delta (running 2h 20m 9s)
22:59:19 | rss_kb= | Index:   building|Memory:  20.0 GB (peak 20.0 GB)|busy:        warm-build (running 2h 24m 8s)|busy:        delta (running 2h 20m 24s)
22:59:34 | rss_kb= | Index:   building|Memory:  20.0 GB (peak 20.0 GB)|busy:        warm-build (running 2h 24m 23s)|busy:        delta (running 2h 20m 39s)
22:59:49 | rss_kb= | Index:   building|Memory:  20.0 GB (peak 20.0 GB)|busy:        warm-build (running 2h 24m 38s)|busy:        delta (running 2h 20m 54s)
23:00:04 | rss_kb= | Index:   building|Memory:  20.0 GB (peak 20.0 GB)|busy:        warm-build (running 2h 24m 54s)|busy:        delta (running 2h 21m 9s)
23:00:19 | rss_kb= | Index:   building|Memory:  20.0 GB (peak 20.0 GB)|busy:        warm-build (running 2h 25m 9s)|busy:        delta (running 2h 21m 25s)
23:00:35 | rss_kb= | Index:   building|Memory:  20.0 GB (peak 20.0 GB)|busy:        warm-build (running 2h 25m 25s)|busy:        delta (running 2h 21m 40s)
23:00:51 | rss_kb= | Index:   building|Memory:  20.0 GB (peak 20.0 GB)|busy:        warm-build (running 2h 25m 40s)|busy:        delta (running 2h 21m 56s)
23:01:06 | rss_kb= | Index:   building|Memory:  20.0 GB (peak 20.0 GB)|busy:        warm-build (running 2h 25m 55s)|busy:        delta (running 2h 22m 11s)
23:01:21 | rss_kb= | Index:   building|Memory:  20.0 GB (peak 20.0 GB)|busy:        warm-build (running 2h 26m 10s)|busy:        delta (running 2h 22m 26s)
23:01:36 | rss_kb= | Index:   building|Memory:  20.0 GB (peak 20.0 GB)|busy:        warm-build (running 2h 26m 25s)|busy:        delta (running 2h 22m 41s)
23:01:51 | rss_kb= | Index:   building|Memory:  20.0 GB (peak 20.0 GB)|busy:        warm-build (running 2h 26m 41s)|busy:        delta (running 2h 22m 56s)
23:02:06 | rss_kb= | Index:   building|Memory:  20.0 GB (peak 20.0 GB)|busy:        warm-build (running 2h 26m 56s)|busy:        delta (running 2h 23m 12s)
23:02:22 | rss_kb= | Index:   building|Memory:  20.0 GB (peak 20.0 GB)|busy:        warm-build (running 2h 27m 11s)|busy:        delta (running 2h 23m 27s)
23:02:37 | rss_kb= | Index:   building|Memory:  20.0 GB (peak 20.0 GB)|busy:        warm-build (running 2h 27m 27s)|busy:        delta (running 2h 23m 43s)
23:02:53 | rss_kb= | Index:   building|Memory:  20.0 GB (peak 20.0 GB)|busy:        warm-build (running 2h 27m 42s)|busy:        delta (running 2h 23m 58s)
23:03:08 | rss_kb= | Index:   building|Memory:  20.0 GB (peak 20.0 GB)|busy:        warm-build (running 2h 27m 57s)|busy:        delta (running 2h 24m 13s)
23:03:23 | rss_kb= | Index:   building|Memory:  20.0 GB (peak 20.0 GB)|busy:        warm-build (running 2h 28m 12s)|busy:        delta (running 2h 24m 28s)
23:03:38 | rss_kb= | Index:   building|Memory:  20.0 GB (peak 20.0 GB)|busy:        warm-build (running 2h 28m 28s)|busy:        delta (running 2h 24m 43s)
23:03:53 | rss_kb= | Index:   building|Memory:  20.0 GB (peak 20.0 GB)|busy:        warm-build (running 2h 28m 43s)|busy:        delta (running 2h 24m 59s)
23:04:09 | rss_kb= | Index:   building|Memory:  20.0 GB (peak 20.0 GB)|busy:        warm-build (running 2h 28m 58s)|busy:        delta (running 2h 25m 14s)
23:04:24 | rss_kb= | Index:   building|Memory:  20.0 GB (peak 20.0 GB)|busy:        warm-build (running 2h 29m 13s)|busy:        delta (running 2h 25m 29s)
23:04:39 | rss_kb= | Index:   building|Memory:  20.0 GB (peak 20.0 GB)|busy:        warm-build (running 2h 29m 29s)|busy:        delta (running 2h 25m 45s)
23:04:55 | rss_kb= | Index:   building|Memory:  22.1 GB (peak 22.1 GB)|busy:        warm-build (running 2h 29m 44s)|busy:        delta (running 2h 26m 0s)
23:05:10 | rss_kb= | Index:   building|Memory:  22.1 GB (peak 22.1 GB)|busy:        warm-build (running 2h 29m 59s)|busy:        delta (running 2h 26m 15s)
23:05:25 | rss_kb= | Index:   building|Memory:  22.1 GB (peak 22.1 GB)|busy:        warm-build (running 2h 30m 14s)|busy:        delta (running 2h 26m 30s)
23:05:40 | rss_kb= | Index:   building|Memory:  22.1 GB (peak 22.1 GB)|busy:        warm-build (running 2h 30m 29s)|busy:        delta (running 2h 26m 45s)
23:05:55 | rss_kb= | Index:   building|Memory:  22.1 GB (peak 22.1 GB)|busy:        warm-build (running 2h 30m 45s)|busy:        delta (running 2h 27m 0s)
23:06:10 | rss_kb= | Index:   building|Memory:  22.1 GB (peak 22.1 GB)|busy:        warm-build (running 2h 31m 0s)|busy:        delta (running 2h 27m 16s)
23:06:26 | rss_kb= | Index:   building|Memory:  22.1 GB (peak 22.1 GB)|busy:        warm-build (running 2h 31m 15s)|busy:        delta (running 2h 27m 31s)
23:06:41 | rss_kb= | Index:   building|Memory:  22.1 GB (peak 22.1 GB)|busy:        warm-build (running 2h 31m 31s)|busy:        delta (running 2h 27m 47s)
23:06:57 | rss_kb= | Index:   building|Memory:  22.1 GB (peak 22.1 GB)|busy:        warm-build (running 2h 31m 46s)|busy:        delta (running 2h 28m 2s)
23:07:12 | rss_kb= | Index:   building|Memory:  22.1 GB (peak 22.1 GB)|busy:        warm-build (running 2h 32m 1s)|busy:        delta (running 2h 28m 17s)
23:07:27 | rss_kb= | Index:   building|Memory:  22.1 GB (peak 22.1 GB)|busy:        warm-build (running 2h 32m 16s)|busy:        delta (running 2h 28m 32s)
23:07:42 | rss_kb= | Index:   building|Memory:  22.1 GB (peak 22.1 GB)|busy:        warm-build (running 2h 32m 31s)|busy:        delta (running 2h 28m 47s)
23:07:57 | rss_kb= | Index:   building|Memory:  22.1 GB (peak 22.1 GB)|busy:        warm-build (running 2h 32m 47s)|busy:        delta (running 2h 29m 2s)
23:08:12 | rss_kb= | Index:   building|Memory:  22.1 GB (peak 22.1 GB)|busy:        warm-build (running 2h 33m 2s)|busy:        delta (running 2h 29m 18s)
23:08:28 | rss_kb= | Index:   building|Memory:  22.1 GB (peak 22.1 GB)|busy:        warm-build (running 2h 33m 17s)|busy:        delta (running 2h 29m 33s)
